
Showing logs for build [32mmeta-ystacks-bot-awesome-go-pr-qjmf5-1[0m stage [32mmeta-pipeline[0m and container [32mstep-credential-initializer-sdc6k[0m
{"level":"warn","ts":1584171522.326766,"logger":"fallback-logger","caller":"logging/config.go:69","msg":"Fetch GitHub commit ID from kodata failed: \"ref: refs/heads/0.8.0-**-support-backwards-incompats\" is not a valid GitHub commit ID"}
{"level":"info","ts":1584171522.327103,"logger":"fallback-logger","caller":"creds-init/main.go:40","msg":"Credentials initialized."}

Showing logs for build [32mmeta-ystacks-bot-awesome-go-pr-qjmf5-1[0m stage [32mmeta-pipeline[0m and container [32mstep-working-dir-initializer-k9mww[0m
{"level":"warn","ts":1584171523.0720687,"logger":"fallback-logger","caller":"logging/config.go:69","msg":"Fetch GitHub commit ID from kodata failed: open /var/run/ko/HEAD: no such file or directory"}
{"level":"info","ts":1584171523.0730145,"logger":"fallback-logger","caller":"bash/main.go:64","msg":"Successfully executed command \"sh -c mkdir -p /workspace/source\"; output "}

Showing logs for build [32mmeta-ystacks-bot-awesome-go-pr-qjmf5-1[0m stage [32mmeta-pipeline[0m and container [32mstep-place-tools[0m

Showing logs for build [32mmeta-ystacks-bot-awesome-go-pr-qjmf5-1[0m stage [32mmeta-pipeline[0m and container [32mstep-git-source-meta-ystacks-bot-awesome-go-pr-h46sv[0m
{"level":"warn","ts":1584171526.211913,"logger":"fallback-logger","caller":"logging/config.go:69","msg":"Fetch GitHub commit ID from kodata failed: \"ref: refs/heads/0.8.0-**-support-backwards-incompats\" is not a valid GitHub commit ID"}
{"level":"info","ts":1584171529.2264428,"logger":"fallback-logger","caller":"git/git.go:103","msg":"Successfully cloned https://github.com/***********/awesome-go.git @ 496e5efd6fde7ff780c6a79e52bad466c6756bde in path /workspace/source"}

Showing logs for build [32mmeta-ystacks-bot-awesome-go-pr-qjmf5-1[0m stage [32mmeta-pipeline[0m and container [32mstep-git-merge[0m
Using SHAs from PULL_REFS=master:496e5efd6fde7ff780c6a79e52bad466c6756bde,8:554f64c04085bc722bee67e98350de455f52310c
DEBUG: LC_ALL=C JX_LOG_LEVEL=error git fetch origin --unshallow 554f64c04085bc722bee67e98350de455f52310c: 496e5efd6fde7ff780c6a79e52bad466c6756bde:
DEBUG: ran git fetch --unshallow origin 554f64c04085bc722bee67e98350de455f52310c: 496e5efd6fde7ff780c6a79e52bad466c6756bde: in 
DEBUG: LC_ALL=C JX_LOG_LEVEL=error git branch
DEBUG: LC_ALL=C JX_LOG_LEVEL=error git checkout master
DEBUG: ran git checkout master in 
DEBUG: LC_ALL=C JX_LOG_LEVEL=error git reset --hard 496e5efd6fde7ff780c6a79e52bad466c6756bde
DEBUG: ran git reset --hard 496e5efd6fde7ff780c6a79e52bad466c6756bde in 
DEBUG: LC_ALL=C JX_LOG_LEVEL=error git clean -fd .
DEBUG: ran clean --force -d . in 
DEBUG: LC_ALL=C JX_LOG_LEVEL=error git merge 554f64c04085bc722bee67e98350de455f52310c
DEBUG: ran git merge 554f64c04085bc722bee67e98350de455f52310c in 
DEBUG: LC_ALL=C JX_LOG_LEVEL=error git log --format=%H%x1f%an%x1f%ae%x1f%cn%x1f%ce%x1f%s%n%b%x1e 496e5efd6fde7ff780c6a79e52bad466c6756bde..HEAD
Merged SHA 554f64c04085bc722bee67e98350de455f52310c with commit message 'fix: update docker org setting' into base branch master

Showing logs for build [32mmeta-ystacks-bot-awesome-go-pr-qjmf5-1[0m stage [32mmeta-pipeline[0m and container [32mstep-merge-pull-refs[0m
DEBUG: LC_ALL=C JX_LOG_LEVEL=error git fetch origin --unshallow 554f64c04085bc722bee67e98350de455f52310c: 496e5efd6fde7ff780c6a79e52bad466c6756bde:
DEBUG: LC_ALL=C JX_LOG_LEVEL=error git fetch origin 554f64c04085bc722bee67e98350de455f52310c: 496e5efd6fde7ff780c6a79e52bad466c6756bde:
DEBUG: ran git fetch origin 554f64c04085bc722bee67e98350de455f52310c: 496e5efd6fde7ff780c6a79e52bad466c6756bde: in 
DEBUG: LC_ALL=C JX_LOG_LEVEL=error git rev-parse --is-shallow-repository
DEBUG: Unshallowed git repo in 
DEBUG: LC_ALL=C JX_LOG_LEVEL=error git branch
DEBUG: LC_ALL=C JX_LOG_LEVEL=error git checkout master
DEBUG: ran git checkout master in 
DEBUG: JX_LOG_LEVEL=error LC_ALL=C git reset --hard 496e5efd6fde7ff780c6a79e52bad466c6756bde
DEBUG: ran git reset --hard 496e5efd6fde7ff780c6a79e52bad466c6756bde in 
DEBUG: JX_LOG_LEVEL=error LC_ALL=C git clean -fd .
DEBUG: ran clean --force -d . in 
DEBUG: LC_ALL=C JX_LOG_LEVEL=error git merge 554f64c04085bc722bee67e98350de455f52310c
DEBUG: ran git merge 554f64c04085bc722bee67e98350de455f52310c in 
DEBUG: LC_ALL=C JX_LOG_LEVEL=error git log --format=%H%x1f%an%x1f%ae%x1f%cn%x1f%ce%x1f%s%n%b%x1e 496e5efd6fde7ff780c6a79e52bad466c6756bde..HEAD
Merged SHA 554f64c04085bc722bee67e98350de455f52310c with commit message 'fix: update docker org setting' into base branch master

Showing logs for build [32mmeta-ystacks-bot-awesome-go-pr-qjmf5-1[0m stage [32mmeta-pipeline[0m and container [32mstep-create-effective-pipeline[0m
error: : failed to git fetch origin v100.0.0 for repo: https://github.com/*********/jenkins-x-versions.git in dir /builder/home/.**/jenkins-x-versions: failed to run 'git fetch origin v100.0.0' command in directory '/builder/home/.**/jenkins-x-versions', output: 'fatal: unable to access 'https://github.com/*********/jenkins-x-versions.git/': TCP connection reset by peer'
[31m
Pipeline failed on stage 'meta-pipeline' : container 'step-create-effective-pipeline'. The execution of the pipeline has stopped.[0m
