
Showing logs for build [32mjiangytcn-awesome-go-master-8sh5p-1[0m stage [32mfrom-build-pack[0m and container [32mstep-credential-initializer-brp7l[0m
{"level":"warn","ts":1583806363.4891431,"logger":"fallback-logger","caller":"logging/config.go:69","msg":"Fetch GitHub commit ID from kodata failed: \"ref: refs/heads/0.8.0-**-support-backwards-incompats\" is not a valid GitHub commit ID"}
{"level":"info","ts":1583806363.4894254,"logger":"fallback-logger","caller":"creds-init/main.go:40","msg":"Credentials initialized."}

Showing logs for build [32mjiangytcn-awesome-go-master-8sh5p-1[0m stage [32mfrom-build-pack[0m and container [32mstep-working-dir-initializer-x7cj7[0m
{"level":"warn","ts":1583806363.7785203,"logger":"fallback-logger","caller":"logging/config.go:69","msg":"Fetch GitHub commit ID from kodata failed: open /var/run/ko/HEAD: no such file or directory"}
{"level":"info","ts":1583806363.783057,"logger":"fallback-logger","caller":"bash/main.go:64","msg":"Successfully executed command \"sh -c mkdir -p /workspace/source\"; output "}

Showing logs for build [32mjiangytcn-awesome-go-master-8sh5p-1[0m stage [32mfrom-build-pack[0m and container [32mstep-place-tools[0m

Showing logs for build [32mjiangytcn-awesome-go-master-8sh5p-1[0m stage [32mfrom-build-pack[0m and container [32mstep-git-source-jiangytcn-awesome-go-master-8sh5p-swdt4[0m
{"level":"warn","ts":1583806369.020855,"logger":"fallback-logger","caller":"logging/config.go:69","msg":"Fetch GitHub commit ID from kodata failed: \"ref: refs/heads/0.8.0-**-support-backwards-incompats\" is not a valid GitHub commit ID"}
{"level":"info","ts":1583806371.6576648,"logger":"fallback-logger","caller":"git/git.go:103","msg":"Successfully cloned https://github.com/*********/awesome-go.git @ v0.0.2 in path /workspace/source"}

Showing logs for build [32mjiangytcn-awesome-go-master-8sh5p-1[0m stage [32mfrom-build-pack[0m and container [32mstep-git-merge[0m
Using SHAs from PULL_REFS=master:
WARNING: no SHAs to merge, falling back to initial cloned commit

Showing logs for build [32mjiangytcn-awesome-go-master-8sh5p-1[0m stage [32mfrom-build-pack[0m and container [32mstep-setup-jx-git-credentials[0m
Generated Git credentials file /workspace/xdg_config/git/credentials

Showing logs for build [32mjiangytcn-awesome-go-master-8sh5p-1[0m stage [32mfrom-build-pack[0m and container [32mstep-build-make-build[0m
CGO_ENABLED=0 GO15VENDOREXPERIMENT=1 go build -ldflags '' -o bin/awesome-go main.go

Showing logs for build [32mjiangytcn-awesome-go-master-8sh5p-1[0m stage [32mfrom-build-pack[0m and container [32mstep-build-container-build[0m
[36mINFO[0m[0000] No base image, nothing to extract            
[36mINFO[0m[0000] cmd: EXPOSE                                  
[36mINFO[0m[0000] Adding exposed port: 8080/tcp                
[36mINFO[0m[0000] Using files from context: [/workspace/source/bin] 
[36mINFO[0m[0000] Skipping unpacking as no commands require it. 
[36mINFO[0m[0000] Taking snapshot of full filesystem...        
[36mINFO[0m[0000] EXPOSE 8080                                  
[36mINFO[0m[0000] cmd: EXPOSE                                  
[36mINFO[0m[0000] Adding exposed port: 8080/tcp                
[36mINFO[0m[0000] No files changed in this command, skipping snapshotting. 
[36mINFO[0m[0000] ENTRYPOINT ["/awesome-go"]                   
[36mINFO[0m[0000] No files changed in this command, skipping snapshotting. 
[36mINFO[0m[0000] Using files from context: [/workspace/source/bin] 
[36mINFO[0m[0000] COPY ./bin/ /                                
[36mINFO[0m[0000] Taking snapshot of files...                  
2020/03/10 02:13:12 pushed blob: sha256:27b0a4c8a4ab3e187209bff0e1d5e0ba23e43fb6a495f981130bf3088e2d700b
2020/03/10 02:13:17 pushed blob: sha256:6bead6d81c93a09083207eafac6641ae183d932c04db1011d8f701cb9d861a6e
2020/03/10 02:13:17 index.docker.io/*********/awesome-go:0.0.2: digest: sha256:2498b8a1169ab8f6dbc69cc02673afa6603da8b0acaf3381a0901ac887a0699d size: 428

Showing logs for build [32mjiangytcn-awesome-go-master-8sh5p-1[0m stage [32mfrom-build-pack[0m and container [32mstep-build-post-build[0m
no CVE provider running in the current ** namespace so skip adding image to be analysed

Showing logs for build [32mjiangytcn-awesome-go-master-8sh5p-1[0m stage [32mfrom-build-pack[0m and container [32mstep-promote-changelog[0m
Converted /workspace/source/charts/awesome-go to an unshallow repository
Generating change log from git ref 746daaf4587d4be7af3f2c335746a590fc4a6ce5 => 1a03cda7e377384ba8bfa1f6e4d2582999c38933
WARNING: No release found for *********/awesome-go and tag v0.0.2 so creating a new release
Updated the release information at https://github.com/*********/awesome-go/releases/tag/v0.0.2
generated: /workspace/source/charts/awesome-go/templates/release.yaml
Created Release awesome-go-0-0-2 resource in namespace **
Updating PipelineActivity *********-awesome-go-master-1 with version 0.0.2
Updated PipelineActivities *********-awesome-go-master-1 with release notes URL: https://github.com/*********/awesome-go/releases/tag/v0.0.2

Showing logs for build [32mjiangytcn-awesome-go-master-8sh5p-1[0m stage [32mfrom-build-pack[0m and container [32mstep-promote-helm-release[0m
WARNING: No $CHART_REPOSITORY defined so using the default value of: http://jenkins-x-chartmuseum:8080
Adding missing Helm repo: storage.googleapis.com https://storage.googleapis.com/chartmuseum.jenkins-x.io
Successfully added Helm repository storage.googleapis.com.
Adding missing Helm repo: jenkins-x-chartmuseum http://jenkins-x-chartmuseum:8080
Successfully added Helm repository jenkins-x-chartmuseum.
WARNING: No $CHART_REPOSITORY defined so using the default value of: http://jenkins-x-chartmuseum:8080
Uploading chart file awesome-go-0.0.2.tgz to http://jenkins-x-chartmuseum:8080/api/charts
Received 201 response: {"saved":true}

Showing logs for build [32mjiangytcn-awesome-go-master-8sh5p-1[0m stage [32mfrom-build-pack[0m and container [32mstep-promote-jx-promote[0m
WARNING: prow based install so skip waiting for the merge of Pull Requests to go green as currently there is an issue with gettingstatuses from the PR, see https://github.com/jenkins-x/**/issues/2410
WARNING: No $CHART_REPOSITORY defined so using the default value of: http://jenkins-x-chartmuseum:8080
Promoting app awesome-go version 0.0.2 to namespace **-staging
WARNING: 
Created Pull Request: https://github.com/*********/environment-default-staging/pull/3
Added label updatebot to Pull Request https://github.com/*********/environment-default-staging/pull/3
got git provider status pending from PR https://github.com/*********/environment-default-staging/pull/3
got git provider status pending from PR https://github.com/*********/environment-default-staging/pull/3
got git provider status pending from PR https://github.com/*********/environment-default-staging/pull/3
got git provider status pending from PR https://github.com/*********/environment-default-staging/pull/3
got git provider status pending from PR https://github.com/*********/environment-default-staging/pull/3
got git provider status pending from PR https://github.com/*********/environment-default-staging/pull/3
got git provider status pending from PR https://github.com/*********/environment-default-staging/pull/3
Pull Request https://github.com/*********/environment-default-staging/pull/3 is merged at sha 507d845164f541fbe9e8abfc2c2718f561138c12
Pull Request merged but we are not waiting for the update pipeline to complete!
WARNING: Could not find the service URL in namespace **-staging for names awesome-go, **-awesome-go, **-staging-awesome-go
