
Showing logs for build [32mjiangytcn-awesome-go-master-cjsz7-2[0m stage [32mfrom-build-pack[0m and container [32mstep-credential-initializer-8cgjv[0m
{"level":"warn","ts":1583808423.06838,"logger":"fallback-logger","caller":"logging/config.go:69","msg":"Fetch GitHub commit ID from kodata failed: \"ref: refs/heads/0.8.0-**-support-backwards-incompats\" is not a valid GitHub commit ID"}
{"level":"info","ts":1583808423.068656,"logger":"fallback-logger","caller":"creds-init/main.go:40","msg":"Credentials initialized."}

Showing logs for build [32mjiangytcn-awesome-go-master-cjsz7-2[0m stage [32mfrom-build-pack[0m and container [32mstep-working-dir-initializer-4ws9f[0m
{"level":"warn","ts":1583808424.3034387,"logger":"fallback-logger","caller":"logging/config.go:69","msg":"Fetch GitHub commit ID from kodata failed: open /var/run/ko/HEAD: no such file or directory"}
{"level":"info","ts":1583808424.3041832,"logger":"fallback-logger","caller":"bash/main.go:64","msg":"Successfully executed command \"sh -c mkdir -p /workspace/source\"; output "}

Showing logs for build [32mjiangytcn-awesome-go-master-cjsz7-2[0m stage [32mfrom-build-pack[0m and container [32mstep-place-tools[0m

Showing logs for build [32mjiangytcn-awesome-go-master-cjsz7-2[0m stage [32mfrom-build-pack[0m and container [32mstep-git-source-jiangytcn-awesome-go-master-cjsz7-bznzp[0m
{"level":"warn","ts":1583808430.5067225,"logger":"fallback-logger","caller":"logging/config.go:69","msg":"Fetch GitHub commit ID from kodata failed: \"ref: refs/heads/0.8.0-**-support-backwards-incompats\" is not a valid GitHub commit ID"}
{"level":"info","ts":1583808433.4323454,"logger":"fallback-logger","caller":"git/git.go:103","msg":"Successfully cloned https://github.com/*********/awesome-go.git @ v0.0.3 in path /workspace/source"}

Showing logs for build [32mjiangytcn-awesome-go-master-cjsz7-2[0m stage [32mfrom-build-pack[0m and container [32mstep-git-merge[0m
Using SHAs from PULL_REFS=master:db74c467cb731453fff9fd98639a6c7849693d65
WARNING: no SHAs to merge, falling back to initial cloned commit

Showing logs for build [32mjiangytcn-awesome-go-master-cjsz7-2[0m stage [32mfrom-build-pack[0m and container [32mstep-setup-jx-git-credentials[0m
Generated Git credentials file /workspace/xdg_config/git/credentials

Showing logs for build [32mjiangytcn-awesome-go-master-cjsz7-2[0m stage [32mfrom-build-pack[0m and container [32mstep-build-make-build[0m
CGO_ENABLED=0 GO15VENDOREXPERIMENT=1 go build -ldflags '' -o bin/awesome-go main.go

Showing logs for build [32mjiangytcn-awesome-go-master-cjsz7-2[0m stage [32mfrom-build-pack[0m and container [32mstep-build-container-build[0m
[36mINFO[0m[0000] No base image, nothing to extract            
[36mINFO[0m[0000] cmd: EXPOSE                                  
[36mINFO[0m[0000] Adding exposed port: 8080/tcp                
[36mINFO[0m[0000] Using files from context: [/workspace/source/bin] 
[36mINFO[0m[0000] Skipping unpacking as no commands require it. 
[36mINFO[0m[0000] Taking snapshot of full filesystem...        
[36mINFO[0m[0000] EXPOSE 8080                                  
[36mINFO[0m[0000] cmd: EXPOSE                                  
[36mINFO[0m[0000] Adding exposed port: 8080/tcp                
[36mINFO[0m[0000] No files changed in this command, skipping snapshotting. 
[36mINFO[0m[0000] ENTRYPOINT ["/awesome-go"]                   
[36mINFO[0m[0000] No files changed in this command, skipping snapshotting. 
[36mINFO[0m[0000] Using files from context: [/workspace/source/bin] 
[36mINFO[0m[0000] COPY ./bin/ /                                
[36mINFO[0m[0000] Taking snapshot of files...                  
2020/03/10 02:47:37 pushed blob: sha256:c4a5aa0b7b6ce43ca31b80d16a2710ef90bacecf1ae2c167e57691db32716679
2020/03/10 02:47:40 pushed blob: sha256:b7c9e26c6194f73eca1ea98561413b71f40180c1104d0d9c97bd07348f0b0a24
2020/03/10 02:47:41 index.docker.io/*********/awesome-go:0.0.3: digest: sha256:99fe3d80b4a01bb39e3c89d4f42632a14f48fee7eacb909b0174ddb268249b67 size: 428

Showing logs for build [32mjiangytcn-awesome-go-master-cjsz7-2[0m stage [32mfrom-build-pack[0m and container [32mstep-build-post-build[0m
no CVE provider running in the current ** namespace so skip adding image to be analysed

Showing logs for build [32mjiangytcn-awesome-go-master-cjsz7-2[0m stage [32mfrom-build-pack[0m and container [32mstep-promote-changelog[0m
Converted /workspace/source/charts/awesome-go to an unshallow repository
Generating change log from git ref 1a03cda7e377384ba8bfa1f6e4d2582999c38933 => eaabe517351203ea9e587890e2aa2e5603de770d
WARNING: Failed to enrich commit db74c467cb731453fff9fd98639a6c7849693d65 with issues: users.jenkins.io "x-0" already exists
Finding issues in commit messages using git format
WARNING: No release found for *********/awesome-go and tag v0.0.3 so creating a new release
Updated the release information at https://github.com/*********/awesome-go/releases/tag/v0.0.3
generated: /workspace/source/charts/awesome-go/templates/release.yaml
Created Release awesome-go-0-0-3 resource in namespace **
Updating PipelineActivity *********-awesome-go-master-2 with version 0.0.3
Updated PipelineActivities *********-awesome-go-master-2 with release notes URL: https://github.com/*********/awesome-go/releases/tag/v0.0.3

Showing logs for build [32mjiangytcn-awesome-go-master-cjsz7-2[0m stage [32mfrom-build-pack[0m and container [32mstep-promote-helm-release[0m
WARNING: No $CHART_REPOSITORY defined so using the default value of: http://jenkins-x-chartmuseum:8080
Adding missing Helm repo: storage.googleapis.com https://storage.googleapis.com/chartmuseum.jenkins-x.io
Successfully added Helm repository storage.googleapis.com.
Adding missing Helm repo: jenkins-x-chartmuseum http://jenkins-x-chartmuseum:8080
Successfully added Helm repository jenkins-x-chartmuseum.
WARNING: No $CHART_REPOSITORY defined so using the default value of: http://jenkins-x-chartmuseum:8080
Uploading chart file awesome-go-0.0.3.tgz to http://jenkins-x-chartmuseum:8080/api/charts
Received 201 response: {"saved":true}

Showing logs for build [32mjiangytcn-awesome-go-master-cjsz7-2[0m stage [32mfrom-build-pack[0m and container [32mstep-promote-jx-promote[0m
WARNING: prow based install so skip waiting for the merge of Pull Requests to go green as currently there is an issue with gettingstatuses from the PR, see https://github.com/jenkins-x/**/issues/2410
WARNING: No $CHART_REPOSITORY defined so using the default value of: http://jenkins-x-chartmuseum:8080
Promoting app awesome-go version 0.0.3 to namespace **-staging
WARNING: 
Created Pull Request: https://github.com/*********/environment-default-staging/pull/4
Added label updatebot to Pull Request https://github.com/*********/environment-default-staging/pull/4
WARNING: Failed to query the Pull Request last commit status for https://github.com/*********/environment-default-staging/pull/4 ref 1e2402ce80f3f34887a39da3d68722630b79f5a5 Could not find a status for repository *********/environment-default-staging with ref 1e2402ce80f3f34887a39da3d68722630b79f5a5
got git provider status pending from PR https://github.com/*********/environment-default-staging/pull/4
got git provider status pending from PR https://github.com/*********/environment-default-staging/pull/4
got git provider status pending from PR https://github.com/*********/environment-default-staging/pull/4
got git provider status pending from PR https://github.com/*********/environment-default-staging/pull/4
got git provider status pending from PR https://github.com/*********/environment-default-staging/pull/4
got git provider status pending from PR https://github.com/*********/environment-default-staging/pull/4
got git provider status pending from PR https://github.com/*********/environment-default-staging/pull/4
got git provider status pending from PR https://github.com/*********/environment-default-staging/pull/4
got git provider status pending from PR https://github.com/*********/environment-default-staging/pull/4
got git provider status pending from PR https://github.com/*********/environment-default-staging/pull/4
got git provider status pending from PR https://github.com/*********/environment-default-staging/pull/4
got git provider status pending from PR https://github.com/*********/environment-default-staging/pull/4
got git provider status pending from PR https://github.com/*********/environment-default-staging/pull/4
got git provider status pending from PR https://github.com/*********/environment-default-staging/pull/4
got git provider status pending from PR https://github.com/*********/environment-default-staging/pull/4
got git provider status pending from PR https://github.com/*********/environment-default-staging/pull/4
got git provider status pending from PR https://github.com/*********/environment-default-staging/pull/4
got git provider status pending from PR https://github.com/*********/environment-default-staging/pull/4
got git provider status pending from PR https://github.com/*********/environment-default-staging/pull/4
got git provider status pending from PR https://github.com/*********/environment-default-staging/pull/4
got git provider status pending from PR https://github.com/*********/environment-default-staging/pull/4
got git provider status pending from PR https://github.com/*********/environment-default-staging/pull/4
got git provider status pending from PR https://github.com/*********/environment-default-staging/pull/4
got git provider status pending from PR https://github.com/*********/environment-default-staging/pull/4
got git provider status pending from PR https://github.com/*********/environment-default-staging/pull/4
got git provider status pending from PR https://github.com/*********/environment-default-staging/pull/4
got git provider status pending from PR https://github.com/*********/environment-default-staging/pull/4
got git provider status pending from PR https://github.com/*********/environment-default-staging/pull/4
got git provider status pending from PR https://github.com/*********/environment-default-staging/pull/4
got git provider status pending from PR https://github.com/*********/environment-default-staging/pull/4
got git provider status pending from PR https://github.com/*********/environment-default-staging/pull/4
got git provider status pending from PR https://github.com/*********/environment-default-staging/pull/4
got git provider status pending from PR https://github.com/*********/environment-default-staging/pull/4
got git provider status pending from PR https://github.com/*********/environment-default-staging/pull/4
got git provider status pending from PR https://github.com/*********/environment-default-staging/pull/4
got git provider status pending from PR https://github.com/*********/environment-default-staging/pull/4
got git provider status pending from PR https://github.com/*********/environment-default-staging/pull/4
got git provider status pending from PR https://github.com/*********/environment-default-staging/pull/4
got git provider status pending from PR https://github.com/*********/environment-default-staging/pull/4
got git provider status pending from PR https://github.com/*********/environment-default-staging/pull/4
got git provider status pending from PR https://github.com/*********/environment-default-staging/pull/4
got git provider status pending from PR https://github.com/*********/environment-default-staging/pull/4
got git provider status pending from PR https://github.com/*********/environment-default-staging/pull/4
got git provider status pending from PR https://github.com/*********/environment-default-staging/pull/4
got git provider status pending from PR https://github.com/*********/environment-default-staging/pull/4
got git provider status pending from PR https://github.com/*********/environment-default-staging/pull/4
got git provider status pending from PR https://github.com/*********/environment-default-staging/pull/4
got git provider status pending from PR https://github.com/*********/environment-default-staging/pull/4
got git provider status pending from PR https://github.com/*********/environment-default-staging/pull/4
got git provider status pending from PR https://github.com/*********/environment-default-staging/pull/4
got git provider status pending from PR https://github.com/*********/environment-default-staging/pull/4
got git provider status pending from PR https://github.com/*********/environment-default-staging/pull/4
got git provider status pending from PR https://github.com/*********/environment-default-staging/pull/4
got git provider status pending from PR https://github.com/*********/environment-default-staging/pull/4
got git provider status pending from PR https://github.com/*********/environment-default-staging/pull/4
got git provider status pending from PR https://github.com/*********/environment-default-staging/pull/4
got git provider status pending from PR https://github.com/*********/environment-default-staging/pull/4
got git provider status pending from PR https://github.com/*********/environment-default-staging/pull/4
got git provider status pending from PR https://github.com/*********/environment-default-staging/pull/4
got git provider status pending from PR https://github.com/*********/environment-default-staging/pull/4
got git provider status pending from PR https://github.com/*********/environment-default-staging/pull/4
got git provider status pending from PR https://github.com/*********/environment-default-staging/pull/4
got git provider status pending from PR https://github.com/*********/environment-default-staging/pull/4
got git provider status pending from PR https://github.com/*********/environment-default-staging/pull/4
got git provider status pending from PR https://github.com/*********/environment-default-staging/pull/4
got git provider status pending from PR https://github.com/*********/environment-default-staging/pull/4
got git provider status pending from PR https://github.com/*********/environment-default-staging/pull/4
got git provider status pending from PR https://github.com/*********/environment-default-staging/pull/4
got git provider status pending from PR https://github.com/*********/environment-default-staging/pull/4
got git provider status pending from PR https://github.com/*********/environment-default-staging/pull/4
WARNING: Pull Request https://github.com/*********/environment-default-staging/pull/4 is closed
error: Promotion failed as Pull Request https://github.com/*********/environment-default-staging/pull/4 is closed without merging
[31m
Pipeline failed on stage 'from-build-pack' : container 'step-promote-jx-promote'. The execution of the pipeline has stopped.[0m
