
Showing logs for build [32mjiangytcn-awesome-go-master-74zgx-3[0m stage [32mfrom-build-pack[0m and container [32mstep-credential-initializer-h22r4[0m
{"level":"warn","ts":1583810095.3671818,"logger":"fallback-logger","caller":"logging/config.go:69","msg":"Fetch GitHub commit ID from kodata failed: \"ref: refs/heads/0.8.0-**-support-backwards-incompats\" is not a valid GitHub commit ID"}
{"level":"info","ts":1583810095.36748,"logger":"fallback-logger","caller":"creds-init/main.go:40","msg":"Credentials initialized."}

Showing logs for build [32mjiangytcn-awesome-go-master-74zgx-3[0m stage [32mfrom-build-pack[0m and container [32mstep-working-dir-initializer-bzsw4[0m
{"level":"warn","ts":1583810096.613287,"logger":"fallback-logger","caller":"logging/config.go:69","msg":"Fetch GitHub commit ID from kodata failed: open /var/run/ko/HEAD: no such file or directory"}
{"level":"info","ts":1583810096.6139157,"logger":"fallback-logger","caller":"bash/main.go:64","msg":"Successfully executed command \"sh -c mkdir -p /workspace/source\"; output "}

Showing logs for build [32mjiangytcn-awesome-go-master-74zgx-3[0m stage [32mfrom-build-pack[0m and container [32mstep-place-tools[0m

Showing logs for build [32mjiangytcn-awesome-go-master-74zgx-3[0m stage [32mfrom-build-pack[0m and container [32mstep-git-source-jiangytcn-awesome-go-master-74zgx-bsvxj[0m
{"level":"warn","ts":1583810101.7698998,"logger":"fallback-logger","caller":"logging/config.go:69","msg":"Fetch GitHub commit ID from kodata failed: \"ref: refs/heads/0.8.0-**-support-backwards-incompats\" is not a valid GitHub commit ID"}
{"level":"info","ts":1583810104.711583,"logger":"fallback-logger","caller":"git/git.go:103","msg":"Successfully cloned https://github.com/*********/awesome-go.git @ v0.0.4 in path /workspace/source"}

Showing logs for build [32mjiangytcn-awesome-go-master-74zgx-3[0m stage [32mfrom-build-pack[0m and container [32mstep-git-merge[0m
Using SHAs from PULL_REFS=master:
WARNING: no SHAs to merge, falling back to initial cloned commit

Showing logs for build [32mjiangytcn-awesome-go-master-74zgx-3[0m stage [32mfrom-build-pack[0m and container [32mstep-setup-jx-git-credentials[0m
Generated Git credentials file /workspace/xdg_config/git/credentials

Showing logs for build [32mjiangytcn-awesome-go-master-74zgx-3[0m stage [32mfrom-build-pack[0m and container [32mstep-build-make-build[0m
CGO_ENABLED=0 GO15VENDOREXPERIMENT=1 go build -ldflags '' -o bin/awesome-go main.go

Showing logs for build [32mjiangytcn-awesome-go-master-74zgx-3[0m stage [32mfrom-build-pack[0m and container [32mstep-build-container-build[0m
[36mINFO[0m[0000] No base image, nothing to extract            
[36mINFO[0m[0000] cmd: EXPOSE                                  
[36mINFO[0m[0000] Adding exposed port: 8080/tcp                
[36mINFO[0m[0000] Using files from context: [/workspace/source/bin] 
[36mINFO[0m[0000] Skipping unpacking as no commands require it. 
[36mINFO[0m[0000] Taking snapshot of full filesystem...        
[36mINFO[0m[0000] EXPOSE 8080                                  
[36mINFO[0m[0000] cmd: EXPOSE                                  
[36mINFO[0m[0000] Adding exposed port: 8080/tcp                
[36mINFO[0m[0000] No files changed in this command, skipping snapshotting. 
[36mINFO[0m[0000] ENTRYPOINT ["/awesome-go"]                   
[36mINFO[0m[0000] No files changed in this command, skipping snapshotting. 
[36mINFO[0m[0000] Using files from context: [/workspace/source/bin] 
[36mINFO[0m[0000] COPY ./bin/ /                                
[36mINFO[0m[0000] Taking snapshot of files...                  
2020/03/10 03:15:23 pushed blob: sha256:7adc048fa8d8019b295ebdf24ee7cf3dcf93432f76145873f172f760e1291024
2020/03/10 03:15:26 pushed blob: sha256:688459f3a8d508779ced536c82b62a7e2b8eb55b8fffa5e340d5e9f68b273d42
2020/03/10 03:15:27 index.docker.io/*********/awesome-go:0.0.4: digest: sha256:ccd5fb71c97dc345b8962cddb601c6720e26a60f3daaea8d216273f80f5cae01 size: 428

Showing logs for build [32mjiangytcn-awesome-go-master-74zgx-3[0m stage [32mfrom-build-pack[0m and container [32mstep-build-post-build[0m
no CVE provider running in the current ** namespace so skip adding image to be analysed

Showing logs for build [32mjiangytcn-awesome-go-master-74zgx-3[0m stage [32mfrom-build-pack[0m and container [32mstep-promote-changelog[0m
Converted /workspace/source/charts/awesome-go to an unshallow repository
Generating change log from git ref eaabe517351203ea9e587890e2aa2e5603de770d => d87cab2a4353ba7c864005fbb79d007c2d1d56e3
WARNING: No release found for *********/awesome-go and tag v0.0.4 so creating a new release
Updated the release information at https://github.com/*********/awesome-go/releases/tag/v0.0.4
generated: /workspace/source/charts/awesome-go/templates/release.yaml
Created Release awesome-go-0-0-4 resource in namespace **
Updating PipelineActivity *********-awesome-go-master-3 with version 0.0.4
Updated PipelineActivities *********-awesome-go-master-3 with release notes URL: https://github.com/*********/awesome-go/releases/tag/v0.0.4

Showing logs for build [32mjiangytcn-awesome-go-master-74zgx-3[0m stage [32mfrom-build-pack[0m and container [32mstep-promote-helm-release[0m
WARNING: No $CHART_REPOSITORY defined so using the default value of: http://jenkins-x-chartmuseum:8080
Adding missing Helm repo: storage.googleapis.com https://storage.googleapis.com/chartmuseum.jenkins-x.io
Successfully added Helm repository storage.googleapis.com.
Adding missing Helm repo: jenkins-x-chartmuseum http://jenkins-x-chartmuseum:8080
Successfully added Helm repository jenkins-x-chartmuseum.
WARNING: No $CHART_REPOSITORY defined so using the default value of: http://jenkins-x-chartmuseum:8080
Uploading chart file awesome-go-0.0.4.tgz to http://jenkins-x-chartmuseum:8080/api/charts
Received 201 response: {"saved":true}

Showing logs for build [32mjiangytcn-awesome-go-master-74zgx-3[0m stage [32mfrom-build-pack[0m and container [32mstep-promote-jx-promote[0m
WARNING: prow based install so skip waiting for the merge of Pull Requests to go green as currently there is an issue with gettingstatuses from the PR, see https://github.com/jenkins-x/**/issues/2410
WARNING: No $CHART_REPOSITORY defined so using the default value of: http://jenkins-x-chartmuseum:8080
Promoting app awesome-go version 0.0.4 to namespace **-staging
WARNING: 
Created Pull Request: https://github.com/*********/environment-default-staging/pull/5
Added label updatebot to Pull Request https://github.com/*********/environment-default-staging/pull/5
WARNING: Failed to query the Pull Request last commit status for https://github.com/*********/environment-default-staging/pull/5 ref bb17c990eb28901315d8e3200adf39c1897a6ae8 Could not find a status for repository *********/environment-default-staging with ref bb17c990eb28901315d8e3200adf39c1897a6ae8
got git provider status pending from PR https://github.com/*********/environment-default-staging/pull/5
got git provider status pending from PR https://github.com/*********/environment-default-staging/pull/5
got git provider status pending from PR https://github.com/*********/environment-default-staging/pull/5
got git provider status pending from PR https://github.com/*********/environment-default-staging/pull/5
got git provider status pending from PR https://github.com/*********/environment-default-staging/pull/5
Pull Request https://github.com/*********/environment-default-staging/pull/5 is merged at sha bad0b08320e98b4fc478c274dd440fadadcdbf81
Pull Request merged but we are not waiting for the update pipeline to complete!
