
Showing logs for build [32mjiangytcn-awesome-go-master-jzjtn-5[0m stage [32mfrom-build-pack[0m and container [32mstep-credential-initializer-gvsh6[0m
{"level":"warn","ts":1583978550.3631377,"logger":"fallback-logger","caller":"logging/config.go:69","msg":"Fetch GitHub commit ID from kodata failed: \"ref: refs/heads/0.8.0-**-support-backwards-incompats\" is not a valid GitHub commit ID"}
{"level":"info","ts":1583978550.3635097,"logger":"fallback-logger","caller":"creds-init/main.go:40","msg":"Credentials initialized."}

Showing logs for build [32mjiangytcn-awesome-go-master-jzjtn-5[0m stage [32mfrom-build-pack[0m and container [32mstep-working-dir-initializer-pp7q5[0m
{"level":"warn","ts":1583978551.0620008,"logger":"fallback-logger","caller":"logging/config.go:69","msg":"Fetch GitHub commit ID from kodata failed: open /var/run/ko/HEAD: no such file or directory"}
{"level":"info","ts":1583978551.0630867,"logger":"fallback-logger","caller":"bash/main.go:64","msg":"Successfully executed command \"sh -c mkdir -p /workspace/source\"; output "}

Showing logs for build [32mjiangytcn-awesome-go-master-jzjtn-5[0m stage [32mfrom-build-pack[0m and container [32mstep-place-tools[0m

Showing logs for build [32mjiangytcn-awesome-go-master-jzjtn-5[0m stage [32mfrom-build-pack[0m and container [32mstep-git-source-jiangytcn-awesome-go-master-jzjtn-vjccv[0m
{"level":"warn","ts":1583978557.289619,"logger":"fallback-logger","caller":"logging/config.go:69","msg":"Fetch GitHub commit ID from kodata failed: \"ref: refs/heads/0.8.0-**-support-backwards-incompats\" is not a valid GitHub commit ID"}
{"level":"info","ts":1583978560.350709,"logger":"fallback-logger","caller":"git/git.go:103","msg":"Successfully cloned https://github.com/*********/awesome-go.git @ v0.0.6 in path /workspace/source"}

Showing logs for build [32mjiangytcn-awesome-go-master-jzjtn-5[0m stage [32mfrom-build-pack[0m and container [32mstep-git-merge[0m
Using SHAs from PULL_REFS=master:65a466c13f581f61d78c411f4264453d89680bf0
WARNING: no SHAs to merge, falling back to initial cloned commit

Showing logs for build [32mjiangytcn-awesome-go-master-jzjtn-5[0m stage [32mfrom-build-pack[0m and container [32mstep-setup-jx-git-credentials[0m
Generated Git credentials file /workspace/xdg_config/git/credentials

Showing logs for build [32mjiangytcn-awesome-go-master-jzjtn-5[0m stage [32mfrom-build-pack[0m and container [32mstep-build-make-build[0m
CGO_ENABLED=0 GO15VENDOREXPERIMENT=1 go build -ldflags '' -o bin/awesome-go main.go

Showing logs for build [32mjiangytcn-awesome-go-master-jzjtn-5[0m stage [32mfrom-build-pack[0m and container [32mstep-build-container-build[0m
[36mINFO[0m[0000] No base image, nothing to extract            
[36mINFO[0m[0000] cmd: EXPOSE                                  
[36mINFO[0m[0000] Adding exposed port: 8080/tcp                
[36mINFO[0m[0000] Using files from context: [/workspace/source/bin] 
[36mINFO[0m[0000] Skipping unpacking as no commands require it. 
[36mINFO[0m[0000] Taking snapshot of full filesystem...        
[36mINFO[0m[0000] EXPOSE 8080                                  
[36mINFO[0m[0000] cmd: EXPOSE                                  
[36mINFO[0m[0000] Adding exposed port: 8080/tcp                
[36mINFO[0m[0000] No files changed in this command, skipping snapshotting. 
[36mINFO[0m[0000] ENTRYPOINT ["/awesome-go"]                   
[36mINFO[0m[0000] No files changed in this command, skipping snapshotting. 
[36mINFO[0m[0000] Using files from context: [/workspace/source/bin] 
[36mINFO[0m[0000] COPY ./bin/ /                                
[36mINFO[0m[0000] Taking snapshot of files...                  
2020/03/12 02:03:02 pushed blob: sha256:f836152413e176f3abed93307cbce34608324fa92451d4cfed6c929a1523c28d
2020/03/12 02:03:08 pushed blob: sha256:02e8d4ac9865738fb6f4a2aa64f7721e8d825d129f5ad36fe960e74a5e3a9dd9
2020/03/12 02:03:09 index.docker.io/*********/awesome-go:0.0.6: digest: sha256:a62610147bc46679ae3fc7f3b5456c4483408fe33e34170eb3703cb5c5031fa5 size: 428

Showing logs for build [32mjiangytcn-awesome-go-master-jzjtn-5[0m stage [32mfrom-build-pack[0m and container [32mstep-build-post-build[0m
no CVE provider running in the current ** namespace so skip adding image to be analysed

Showing logs for build [32mjiangytcn-awesome-go-master-jzjtn-5[0m stage [32mfrom-build-pack[0m and container [32mstep-promote-changelog[0m
Converted /workspace/source/charts/awesome-go to an unshallow repository
Generating change log from git ref 172d81eea40151048c72ea2abcb7950160c6df3c => 3c6f5f45138f254a96f65d061246c03bf39b4063
Associating user ystacks-inc in users.jenkins.io with email 61998983+ystacks-inc@users.noreply.github.com to git GitProvider user with login -0 as emails match
Adding label jenkins.io/git-github-userid=-0 to user ystacks-inc in users.jenkins.io
WARNING: Failed to enrich commit 137fadaf9cfa0a7f43ebaa4e63bd7bc20a8dcbd5 with issues: User.jenkins.io "ystacks-inc" is invalid: metadata.labels: Invalid value: "-0": a valid label must be an empty string or consist of alphanumeric characters, '-', '_' or '.', and must start and end with an alphanumeric character (e.g. 'MyValue',  or 'my_value',  or '12345', regex used for validation is '(([A-Za-z0-9][-A-Za-z0-9_.]*)?[A-Za-z0-9])?')
WARNING: Failed to enrich commit 137fadaf9cfa0a7f43ebaa4e63bd7bc20a8dcbd5 with issues: users.jenkins.io "x-0" already exists
Finding issues in commit messages using git format
WARNING: No release found for *********/awesome-go and tag v0.0.6 so creating a new release
Updated the release information at https://github.com/*********/awesome-go/releases/tag/v0.0.6
generated: /workspace/source/charts/awesome-go/templates/release.yaml
Created Release awesome-go-0-0-6 resource in namespace **
Updating PipelineActivity *********-awesome-go-master-5 with version 0.0.6
Updated PipelineActivities *********-awesome-go-master-5 with release notes URL: https://github.com/*********/awesome-go/releases/tag/v0.0.6

Showing logs for build [32mjiangytcn-awesome-go-master-jzjtn-5[0m stage [32mfrom-build-pack[0m and container [32mstep-promote-helm-release[0m
WARNING: No $CHART_REPOSITORY defined so using the default value of: http://jenkins-x-chartmuseum:8080
Adding missing Helm repo: storage.googleapis.com https://storage.googleapis.com/chartmuseum.jenkins-x.io
Successfully added Helm repository storage.googleapis.com.
Adding missing Helm repo: jenkins-x-chartmuseum http://jenkins-x-chartmuseum:8080
Successfully added Helm repository jenkins-x-chartmuseum.
WARNING: No $CHART_REPOSITORY defined so using the default value of: http://jenkins-x-chartmuseum:8080
Uploading chart file awesome-go-0.0.6.tgz to http://jenkins-x-chartmuseum:8080/api/charts
Received 201 response: {"saved":true}

Showing logs for build [32mjiangytcn-awesome-go-master-jzjtn-5[0m stage [32mfrom-build-pack[0m and container [32mstep-promote-jx-promote[0m
WARNING: prow based install so skip waiting for the merge of Pull Requests to go green as currently there is an issue with gettingstatuses from the PR, see https://github.com/jenkins-x/**/issues/2410
WARNING: No $CHART_REPOSITORY defined so using the default value of: http://jenkins-x-chartmuseum:8080
Promoting app awesome-go version 0.0.6 to namespace **-staging
WARNING: 
Created Pull Request: https://github.com/*********/environment-default-staging/pull/7
Added label updatebot to Pull Request https://github.com/*********/environment-default-staging/pull/7
WARNING: Failed to query the Pull Request last commit status for https://github.com/*********/environment-default-staging/pull/7 ref 5c90aad0eb5d92331c0eeb489efb9613007ee84a Could not find a status for repository *********/environment-default-staging with ref 5c90aad0eb5d92331c0eeb489efb9613007ee84a
got git provider status pending from PR https://github.com/*********/environment-default-staging/pull/7
got git provider status pending from PR https://github.com/*********/environment-default-staging/pull/7
got git provider status pending from PR https://github.com/*********/environment-default-staging/pull/7
got git provider status pending from PR https://github.com/*********/environment-default-staging/pull/7
got git provider status pending from PR https://github.com/*********/environment-default-staging/pull/7
got git provider status pending from PR https://github.com/*********/environment-default-staging/pull/7
got git provider status pending from PR https://github.com/*********/environment-default-staging/pull/7
got git provider status pending from PR https://github.com/*********/environment-default-staging/pull/7
got git provider status pending from PR https://github.com/*********/environment-default-staging/pull/7
Pull Request https://github.com/*********/environment-default-staging/pull/7 is merged at sha 4103370eff33b6befa1f4fb99b30ce2339c7404b
Pull Request merged but we are not waiting for the update pipeline to complete!
