
Showing logs for build [32mystacks-bot-awesome-go-master-8mwsx-3[0m stage [32mfrom-build-pack[0m and container [32mstep-credential-initializer-2wsvv[0m
{"level":"warn","ts":1584079091.481449,"logger":"fallback-logger","caller":"logging/config.go:69","msg":"Fetch GitHub commit ID from kodata failed: \"ref: refs/heads/0.8.0-**-support-backwards-incompats\" is not a valid GitHub commit ID"}
{"level":"info","ts":1584079091.4817536,"logger":"fallback-logger","caller":"creds-init/main.go:40","msg":"Credentials initialized."}

Showing logs for build [32mystacks-bot-awesome-go-master-8mwsx-3[0m stage [32mfrom-build-pack[0m and container [32mstep-working-dir-initializer-2629q[0m
{"level":"warn","ts":1584079091.9870863,"logger":"fallback-logger","caller":"logging/config.go:69","msg":"Fetch GitHub commit ID from kodata failed: open /var/run/ko/HEAD: no such file or directory"}
{"level":"info","ts":1584079091.9878066,"logger":"fallback-logger","caller":"bash/main.go:64","msg":"Successfully executed command \"sh -c mkdir -p /workspace/source\"; output "}

Showing logs for build [32mystacks-bot-awesome-go-master-8mwsx-3[0m stage [32mfrom-build-pack[0m and container [32mstep-place-tools[0m

Showing logs for build [32mystacks-bot-awesome-go-master-8mwsx-3[0m stage [32mfrom-build-pack[0m and container [32mstep-git-source-ystacks-bot-awesome-go-master-8mwsx-w7x64[0m
{"level":"warn","ts":1584079097.1343343,"logger":"fallback-logger","caller":"logging/config.go:69","msg":"Fetch GitHub commit ID from kodata failed: \"ref: refs/heads/0.8.0-**-support-backwards-incompats\" is not a valid GitHub commit ID"}
{"level":"info","ts":1584079101.1443622,"logger":"fallback-logger","caller":"git/git.go:103","msg":"Successfully cloned https://github.com/***********/awesome-go.git @ v0.0.13 in path /workspace/source"}

Showing logs for build [32mystacks-bot-awesome-go-master-8mwsx-3[0m stage [32mfrom-build-pack[0m and container [32mstep-git-merge[0m
Using SHAs from PULL_REFS=master:
WARNING: no SHAs to merge, falling back to initial cloned commit

Showing logs for build [32mystacks-bot-awesome-go-master-8mwsx-3[0m stage [32mfrom-build-pack[0m and container [32mstep-setup-jx-git-credentials[0m
Generated Git credentials file /workspace/xdg_config/git/credentials

Showing logs for build [32mystacks-bot-awesome-go-master-8mwsx-3[0m stage [32mfrom-build-pack[0m and container [32mstep-build-make-build[0m
CGO_ENABLED=0 GO15VENDOREXPERIMENT=1 go build -ldflags '' -o bin/awesome-go main.go

Showing logs for build [32mystacks-bot-awesome-go-master-8mwsx-3[0m stage [32mfrom-build-pack[0m and container [32mstep-build-container-build[0m
[36mINFO[0m[0000] No base image, nothing to extract            
[36mINFO[0m[0000] cmd: EXPOSE                                  
[36mINFO[0m[0000] Adding exposed port: 8080/tcp                
[36mINFO[0m[0000] Using files from context: [/workspace/source/bin] 
[36mINFO[0m[0000] Skipping unpacking as no commands require it. 
[36mINFO[0m[0000] Taking snapshot of full filesystem...        
[36mINFO[0m[0000] EXPOSE 8080                                  
[36mINFO[0m[0000] cmd: EXPOSE                                  
[36mINFO[0m[0000] Adding exposed port: 8080/tcp                
[36mINFO[0m[0000] No files changed in this command, skipping snapshotting. 
[36mINFO[0m[0000] ENTRYPOINT ["/awesome-go"]                   
[36mINFO[0m[0000] No files changed in this command, skipping snapshotting. 
[36mINFO[0m[0000] Using files from context: [/workspace/source/bin] 
[36mINFO[0m[0000] COPY ./bin/ /                                
[36mINFO[0m[0000] Taking snapshot of files...                  
2020/03/13 05:58:44 pushed blob: sha256:b00f46a098acf9c72c55de3673f801c6061199be2ca90f21cdf715938fabe4f3
2020/03/13 05:58:50 pushed blob: sha256:62813713e9a9310e345841c9337bed217f5b47982b0a796100a3f788936cfb54
2020/03/13 05:58:51 index.docker.io/ystacks/awesome-go:0.0.13: digest: sha256:ec20e0ba160c69d4cef8ac4a8ad8aec1bf9ec3b11d6aaea847c20e08aa97019b size: 428

Showing logs for build [32mystacks-bot-awesome-go-master-8mwsx-3[0m stage [32mfrom-build-pack[0m and container [32mstep-build-post-build[0m
no CVE provider running in the current ** namespace so skip adding image to be analysed

Showing logs for build [32mystacks-bot-awesome-go-master-8mwsx-3[0m stage [32mfrom-build-pack[0m and container [32mstep-promote-changelog[0m
Converted /workspace/source/charts/awesome-go to an unshallow repository
Generating change log from git ref 0c938c6abc783f5e92dbae79f6bce581e907b563 => e9f49d7bc2defb1c0e853686cb1658dfad23a7da
WARNING: No release found for ***********/awesome-go and tag v0.0.13 so creating a new release
Updated the release information at https://github.com/***********/awesome-go/releases/tag/v0.0.13
generated: /workspace/source/charts/awesome-go/templates/release.yaml
Created Release awesome-go-0-0-13 resource in namespace **
Updating PipelineActivity ***********-awesome-go-master-3 with version 0.0.13
Updated PipelineActivities ***********-awesome-go-master-3 with release notes URL: https://github.com/***********/awesome-go/releases/tag/v0.0.13

Showing logs for build [32mystacks-bot-awesome-go-master-8mwsx-3[0m stage [32mfrom-build-pack[0m and container [32mstep-promote-helm-release[0m
WARNING: No $CHART_REPOSITORY defined so using the default value of: http://jenkins-x-chartmuseum:8080
Adding missing Helm repo: storage.googleapis.com https://storage.googleapis.com/chartmuseum.jenkins-x.io
Successfully added Helm repository storage.googleapis.com.
Adding missing Helm repo: jenkins-x-chartmuseum http://jenkins-x-chartmuseum:8080
Successfully added Helm repository jenkins-x-chartmuseum.
WARNING: No $CHART_REPOSITORY defined so using the default value of: http://jenkins-x-chartmuseum:8080
Uploading chart file awesome-go-0.0.13.tgz to http://jenkins-x-chartmuseum:8080/api/charts
Received 201 response: {"saved":true}

Showing logs for build [32mystacks-bot-awesome-go-master-8mwsx-3[0m stage [32mfrom-build-pack[0m and container [32mstep-promote-jx-promote[0m
WARNING: prow based install so skip waiting for the merge of Pull Requests to go green as currently there is an issue with gettingstatuses from the PR, see https://github.com/jenkins-x/**/issues/2410
WARNING: No $CHART_REPOSITORY defined so using the default value of: http://jenkins-x-chartmuseum:8080
Promoting app awesome-go version 0.0.13 to namespace **-staging
WARNING: 
Created Pull Request: https://github.com/***********/environment-default-staging/pull/1
Added label updatebot to Pull Request https://github.com/***********/environment-default-staging/pull/1
WARNING: Failed to query the Pull Request last commit status for https://github.com/***********/environment-default-staging/pull/1 ref 4b1ffd1f3c9650b9937cd08a3742a6341dddfa5a Could not find a status for repository ***********/environment-default-staging with ref 4b1ffd1f3c9650b9937cd08a3742a6341dddfa5a
WARNING: Failed to query the Pull Request last commit status for https://github.com/***********/environment-default-staging/pull/1 ref 4b1ffd1f3c9650b9937cd08a3742a6341dddfa5a Could not find a status for repository ***********/environment-default-staging with ref 4b1ffd1f3c9650b9937cd08a3742a6341dddfa5a
WARNING: Failed to query the Pull Request last commit status for https://github.com/***********/environment-default-staging/pull/1 ref 4b1ffd1f3c9650b9937cd08a3742a6341dddfa5a Could not find a status for repository ***********/environment-default-staging with ref 4b1ffd1f3c9650b9937cd08a3742a6341dddfa5a
WARNING: Failed to query the Pull Request last commit status for https://github.com/***********/environment-default-staging/pull/1 ref 4b1ffd1f3c9650b9937cd08a3742a6341dddfa5a Could not find a status for repository ***********/environment-default-staging with ref 4b1ffd1f3c9650b9937cd08a3742a6341dddfa5a
WARNING: Failed to query the Pull Request last commit status for https://github.com/***********/environment-default-staging/pull/1 ref 4b1ffd1f3c9650b9937cd08a3742a6341dddfa5a Could not find a status for repository ***********/environment-default-staging with ref 4b1ffd1f3c9650b9937cd08a3742a6341dddfa5a
WARNING: Failed to query the Pull Request last commit status for https://github.com/***********/environment-default-staging/pull/1 ref 4b1ffd1f3c9650b9937cd08a3742a6341dddfa5a Could not find a status for repository ***********/environment-default-staging with ref 4b1ffd1f3c9650b9937cd08a3742a6341dddfa5a
WARNING: Failed to query the Pull Request last commit status for https://github.com/***********/environment-default-staging/pull/1 ref 4b1ffd1f3c9650b9937cd08a3742a6341dddfa5a Could not find a status for repository ***********/environment-default-staging with ref 4b1ffd1f3c9650b9937cd08a3742a6341dddfa5a
WARNING: Failed to query the Pull Request last commit status for https://github.com/***********/environment-default-staging/pull/1 ref 4b1ffd1f3c9650b9937cd08a3742a6341dddfa5a Could not find a status for repository ***********/environment-default-staging with ref 4b1ffd1f3c9650b9937cd08a3742a6341dddfa5a
WARNING: Failed to query the Pull Request last commit status for https://github.com/***********/environment-default-staging/pull/1 ref 4b1ffd1f3c9650b9937cd08a3742a6341dddfa5a Could not find a status for repository ***********/environment-default-staging with ref 4b1ffd1f3c9650b9937cd08a3742a6341dddfa5a
WARNING: Failed to query the Pull Request last commit status for https://github.com/***********/environment-default-staging/pull/1 ref 4b1ffd1f3c9650b9937cd08a3742a6341dddfa5a Could not find a status for repository ***********/environment-default-staging with ref 4b1ffd1f3c9650b9937cd08a3742a6341dddfa5a
WARNING: Failed to query the Pull Request last commit status for https://github.com/***********/environment-default-staging/pull/1 ref 4b1ffd1f3c9650b9937cd08a3742a6341dddfa5a Could not find a status for repository ***********/environment-default-staging with ref 4b1ffd1f3c9650b9937cd08a3742a6341dddfa5a
WARNING: Failed to query the Pull Request last commit status for https://github.com/***********/environment-default-staging/pull/1 ref 4b1ffd1f3c9650b9937cd08a3742a6341dddfa5a Could not find a status for repository ***********/environment-default-staging with ref 4b1ffd1f3c9650b9937cd08a3742a6341dddfa5a
WARNING: Failed to query the Pull Request last commit status for https://github.com/***********/environment-default-staging/pull/1 ref 4b1ffd1f3c9650b9937cd08a3742a6341dddfa5a Could not find a status for repository ***********/environment-default-staging with ref 4b1ffd1f3c9650b9937cd08a3742a6341dddfa5a
WARNING: Failed to query the Pull Request last commit status for https://github.com/***********/environment-default-staging/pull/1 ref 4b1ffd1f3c9650b9937cd08a3742a6341dddfa5a Could not find a status for repository ***********/environment-default-staging with ref 4b1ffd1f3c9650b9937cd08a3742a6341dddfa5a
WARNING: Failed to query the Pull Request last commit status for https://github.com/***********/environment-default-staging/pull/1 ref 4b1ffd1f3c9650b9937cd08a3742a6341dddfa5a Could not find a status for repository ***********/environment-default-staging with ref 4b1ffd1f3c9650b9937cd08a3742a6341dddfa5a
WARNING: Failed to query the Pull Request last commit status for https://github.com/***********/environment-default-staging/pull/1 ref 4b1ffd1f3c9650b9937cd08a3742a6341dddfa5a Could not find a status for repository ***********/environment-default-staging with ref 4b1ffd1f3c9650b9937cd08a3742a6341dddfa5a
WARNING: Failed to query the Pull Request last commit status for https://github.com/***********/environment-default-staging/pull/1 ref 4b1ffd1f3c9650b9937cd08a3742a6341dddfa5a Could not find a status for repository ***********/environment-default-staging with ref 4b1ffd1f3c9650b9937cd08a3742a6341dddfa5a
WARNING: Failed to query the Pull Request last commit status for https://github.com/***********/environment-default-staging/pull/1 ref 4b1ffd1f3c9650b9937cd08a3742a6341dddfa5a Could not find a status for repository ***********/environment-default-staging with ref 4b1ffd1f3c9650b9937cd08a3742a6341dddfa5a
WARNING: Failed to query the Pull Request last commit status for https://github.com/***********/environment-default-staging/pull/1 ref 4b1ffd1f3c9650b9937cd08a3742a6341dddfa5a Could not find a status for repository ***********/environment-default-staging with ref 4b1ffd1f3c9650b9937cd08a3742a6341dddfa5a
WARNING: Failed to query the Pull Request last commit status for https://github.com/***********/environment-default-staging/pull/1 ref 4b1ffd1f3c9650b9937cd08a3742a6341dddfa5a Could not find a status for repository ***********/environment-default-staging with ref 4b1ffd1f3c9650b9937cd08a3742a6341dddfa5a
WARNING: Failed to query the Pull Request last commit status for https://github.com/***********/environment-default-staging/pull/1 ref 4b1ffd1f3c9650b9937cd08a3742a6341dddfa5a Could not find a status for repository ***********/environment-default-staging with ref 4b1ffd1f3c9650b9937cd08a3742a6341dddfa5a
WARNING: Failed to query the Pull Request last commit status for https://github.com/***********/environment-default-staging/pull/1 ref 4b1ffd1f3c9650b9937cd08a3742a6341dddfa5a Could not find a status for repository ***********/environment-default-staging with ref 4b1ffd1f3c9650b9937cd08a3742a6341dddfa5a
WARNING: Failed to query the Pull Request last commit status for https://github.com/***********/environment-default-staging/pull/1 ref 4b1ffd1f3c9650b9937cd08a3742a6341dddfa5a Could not find a status for repository ***********/environment-default-staging with ref 4b1ffd1f3c9650b9937cd08a3742a6341dddfa5a
WARNING: Failed to query the Pull Request last commit status for https://github.com/***********/environment-default-staging/pull/1 ref 4b1ffd1f3c9650b9937cd08a3742a6341dddfa5a Could not find a status for repository ***********/environment-default-staging with ref 4b1ffd1f3c9650b9937cd08a3742a6341dddfa5a
WARNING: Failed to query the Pull Request last commit status for https://github.com/***********/environment-default-staging/pull/1 ref 4b1ffd1f3c9650b9937cd08a3742a6341dddfa5a Could not find a status for repository ***********/environment-default-staging with ref 4b1ffd1f3c9650b9937cd08a3742a6341dddfa5a
WARNING: Failed to query the Pull Request last commit status for https://github.com/***********/environment-default-staging/pull/1 ref 4b1ffd1f3c9650b9937cd08a3742a6341dddfa5a Could not find a status for repository ***********/environment-default-staging with ref 4b1ffd1f3c9650b9937cd08a3742a6341dddfa5a
WARNING: Failed to query the Pull Request last commit status for https://github.com/***********/environment-default-staging/pull/1 ref 4b1ffd1f3c9650b9937cd08a3742a6341dddfa5a Could not find a status for repository ***********/environment-default-staging with ref 4b1ffd1f3c9650b9937cd08a3742a6341dddfa5a
WARNING: Failed to query the Pull Request last commit status for https://github.com/***********/environment-default-staging/pull/1 ref 4b1ffd1f3c9650b9937cd08a3742a6341dddfa5a Could not find a status for repository ***********/environment-default-staging with ref 4b1ffd1f3c9650b9937cd08a3742a6341dddfa5a
WARNING: Failed to query the Pull Request last commit status for https://github.com/***********/environment-default-staging/pull/1 ref 4b1ffd1f3c9650b9937cd08a3742a6341dddfa5a Could not find a status for repository ***********/environment-default-staging with ref 4b1ffd1f3c9650b9937cd08a3742a6341dddfa5a
WARNING: Failed to query the Pull Request last commit status for https://github.com/***********/environment-default-staging/pull/1 ref 4b1ffd1f3c9650b9937cd08a3742a6341dddfa5a Could not find a status for repository ***********/environment-default-staging with ref 4b1ffd1f3c9650b9937cd08a3742a6341dddfa5a
WARNING: Failed to query the Pull Request last commit status for https://github.com/***********/environment-default-staging/pull/1 ref 4b1ffd1f3c9650b9937cd08a3742a6341dddfa5a Could not find a status for repository ***********/environment-default-staging with ref 4b1ffd1f3c9650b9937cd08a3742a6341dddfa5a
WARNING: Failed to query the Pull Request last commit status for https://github.com/***********/environment-default-staging/pull/1 ref 4b1ffd1f3c9650b9937cd08a3742a6341dddfa5a Could not find a status for repository ***********/environment-default-staging with ref 4b1ffd1f3c9650b9937cd08a3742a6341dddfa5a
WARNING: Failed to query the Pull Request last commit status for https://github.com/***********/environment-default-staging/pull/1 ref 4b1ffd1f3c9650b9937cd08a3742a6341dddfa5a Could not find a status for repository ***********/environment-default-staging with ref 4b1ffd1f3c9650b9937cd08a3742a6341dddfa5a
WARNING: Failed to query the Pull Request last commit status for https://github.com/***********/environment-default-staging/pull/1 ref 4b1ffd1f3c9650b9937cd08a3742a6341dddfa5a Could not find a status for repository ***********/environment-default-staging with ref 4b1ffd1f3c9650b9937cd08a3742a6341dddfa5a
WARNING: Failed to query the Pull Request last commit status for https://github.com/***********/environment-default-staging/pull/1 ref 4b1ffd1f3c9650b9937cd08a3742a6341dddfa5a Could not find a status for repository ***********/environment-default-staging with ref 4b1ffd1f3c9650b9937cd08a3742a6341dddfa5a
WARNING: Failed to query the Pull Request last commit status for https://github.com/***********/environment-default-staging/pull/1 ref 4b1ffd1f3c9650b9937cd08a3742a6341dddfa5a Could not find a status for repository ***********/environment-default-staging with ref 4b1ffd1f3c9650b9937cd08a3742a6341dddfa5a
WARNING: Failed to query the Pull Request last commit status for https://github.com/***********/environment-default-staging/pull/1 ref 4b1ffd1f3c9650b9937cd08a3742a6341dddfa5a Could not find a status for repository ***********/environment-default-staging with ref 4b1ffd1f3c9650b9937cd08a3742a6341dddfa5a
WARNING: Failed to query the Pull Request last commit status for https://github.com/***********/environment-default-staging/pull/1 ref 4b1ffd1f3c9650b9937cd08a3742a6341dddfa5a Could not find a status for repository ***********/environment-default-staging with ref 4b1ffd1f3c9650b9937cd08a3742a6341dddfa5a
WARNING: Failed to query the Pull Request last commit status for https://github.com/***********/environment-default-staging/pull/1 ref 4b1ffd1f3c9650b9937cd08a3742a6341dddfa5a Could not find a status for repository ***********/environment-default-staging with ref 4b1ffd1f3c9650b9937cd08a3742a6341dddfa5a
WARNING: Failed to query the Pull Request last commit status for https://github.com/***********/environment-default-staging/pull/1 ref 4b1ffd1f3c9650b9937cd08a3742a6341dddfa5a Could not find a status for repository ***********/environment-default-staging with ref 4b1ffd1f3c9650b9937cd08a3742a6341dddfa5a
WARNING: Failed to query the Pull Request last commit status for https://github.com/***********/environment-default-staging/pull/1 ref 4b1ffd1f3c9650b9937cd08a3742a6341dddfa5a Could not find a status for repository ***********/environment-default-staging with ref 4b1ffd1f3c9650b9937cd08a3742a6341dddfa5a
WARNING: Failed to query the Pull Request last commit status for https://github.com/***********/environment-default-staging/pull/1 ref 4b1ffd1f3c9650b9937cd08a3742a6341dddfa5a Could not find a status for repository ***********/environment-default-staging with ref 4b1ffd1f3c9650b9937cd08a3742a6341dddfa5a
WARNING: Failed to query the Pull Request last commit status for https://github.com/***********/environment-default-staging/pull/1 ref 4b1ffd1f3c9650b9937cd08a3742a6341dddfa5a Could not find a status for repository ***********/environment-default-staging with ref 4b1ffd1f3c9650b9937cd08a3742a6341dddfa5a
WARNING: Failed to query the Pull Request last commit status for https://github.com/***********/environment-default-staging/pull/1 ref 4b1ffd1f3c9650b9937cd08a3742a6341dddfa5a Could not find a status for repository ***********/environment-default-staging with ref 4b1ffd1f3c9650b9937cd08a3742a6341dddfa5a
WARNING: Failed to query the Pull Request last commit status for https://github.com/***********/environment-default-staging/pull/1 ref 4b1ffd1f3c9650b9937cd08a3742a6341dddfa5a Could not find a status for repository ***********/environment-default-staging with ref 4b1ffd1f3c9650b9937cd08a3742a6341dddfa5a
WARNING: Failed to query the Pull Request last commit status for https://github.com/***********/environment-default-staging/pull/1 ref 4b1ffd1f3c9650b9937cd08a3742a6341dddfa5a Could not find a status for repository ***********/environment-default-staging with ref 4b1ffd1f3c9650b9937cd08a3742a6341dddfa5a
WARNING: Failed to query the Pull Request last commit status for https://github.com/***********/environment-default-staging/pull/1 ref 4b1ffd1f3c9650b9937cd08a3742a6341dddfa5a Could not find a status for repository ***********/environment-default-staging with ref 4b1ffd1f3c9650b9937cd08a3742a6341dddfa5a
WARNING: Failed to query the Pull Request last commit status for https://github.com/***********/environment-default-staging/pull/1 ref 4b1ffd1f3c9650b9937cd08a3742a6341dddfa5a Could not find a status for repository ***********/environment-default-staging with ref 4b1ffd1f3c9650b9937cd08a3742a6341dddfa5a
WARNING: Failed to query the Pull Request last commit status for https://github.com/***********/environment-default-staging/pull/1 ref 4b1ffd1f3c9650b9937cd08a3742a6341dddfa5a Could not find a status for repository ***********/environment-default-staging with ref 4b1ffd1f3c9650b9937cd08a3742a6341dddfa5a
WARNING: Failed to query the Pull Request last commit status for https://github.com/***********/environment-default-staging/pull/1 ref 4b1ffd1f3c9650b9937cd08a3742a6341dddfa5a Could not find a status for repository ***********/environment-default-staging with ref 4b1ffd1f3c9650b9937cd08a3742a6341dddfa5a
WARNING: Failed to query the Pull Request last commit status for https://github.com/***********/environment-default-staging/pull/1 ref 4b1ffd1f3c9650b9937cd08a3742a6341dddfa5a Could not find a status for repository ***********/environment-default-staging with ref 4b1ffd1f3c9650b9937cd08a3742a6341dddfa5a
WARNING: Failed to query the Pull Request last commit status for https://github.com/***********/environment-default-staging/pull/1 ref 4b1ffd1f3c9650b9937cd08a3742a6341dddfa5a Could not find a status for repository ***********/environment-default-staging with ref 4b1ffd1f3c9650b9937cd08a3742a6341dddfa5a
WARNING: Failed to query the Pull Request last commit status for https://github.com/***********/environment-default-staging/pull/1 ref 4b1ffd1f3c9650b9937cd08a3742a6341dddfa5a Could not find a status for repository ***********/environment-default-staging with ref 4b1ffd1f3c9650b9937cd08a3742a6341dddfa5a
WARNING: Failed to query the Pull Request last commit status for https://github.com/***********/environment-default-staging/pull/1 ref 4b1ffd1f3c9650b9937cd08a3742a6341dddfa5a Could not find a status for repository ***********/environment-default-staging with ref 4b1ffd1f3c9650b9937cd08a3742a6341dddfa5a
WARNING: Failed to query the Pull Request last commit status for https://github.com/***********/environment-default-staging/pull/1 ref 4b1ffd1f3c9650b9937cd08a3742a6341dddfa5a Could not find a status for repository ***********/environment-default-staging with ref 4b1ffd1f3c9650b9937cd08a3742a6341dddfa5a
WARNING: Failed to query the Pull Request last commit status for https://github.com/***********/environment-default-staging/pull/1 ref 4b1ffd1f3c9650b9937cd08a3742a6341dddfa5a Could not find a status for repository ***********/environment-default-staging with ref 4b1ffd1f3c9650b9937cd08a3742a6341dddfa5a
WARNING: Failed to query the Pull Request last commit status for https://github.com/***********/environment-default-staging/pull/1 ref 4b1ffd1f3c9650b9937cd08a3742a6341dddfa5a Could not find a status for repository ***********/environment-default-staging with ref 4b1ffd1f3c9650b9937cd08a3742a6341dddfa5a
WARNING: Failed to query the Pull Request last commit status for https://github.com/***********/environment-default-staging/pull/1 ref 4b1ffd1f3c9650b9937cd08a3742a6341dddfa5a Could not find a status for repository ***********/environment-default-staging with ref 4b1ffd1f3c9650b9937cd08a3742a6341dddfa5a
WARNING: Failed to query the Pull Request last commit status for https://github.com/***********/environment-default-staging/pull/1 ref 4b1ffd1f3c9650b9937cd08a3742a6341dddfa5a Could not find a status for repository ***********/environment-default-staging with ref 4b1ffd1f3c9650b9937cd08a3742a6341dddfa5a
WARNING: Failed to query the Pull Request last commit status for https://github.com/***********/environment-default-staging/pull/1 ref 4b1ffd1f3c9650b9937cd08a3742a6341dddfa5a Could not find a status for repository ***********/environment-default-staging with ref 4b1ffd1f3c9650b9937cd08a3742a6341dddfa5a
WARNING: Failed to query the Pull Request last commit status for https://github.com/***********/environment-default-staging/pull/1 ref 4b1ffd1f3c9650b9937cd08a3742a6341dddfa5a Could not find a status for repository ***********/environment-default-staging with ref 4b1ffd1f3c9650b9937cd08a3742a6341dddfa5a
WARNING: Failed to query the Pull Request last commit status for https://github.com/***********/environment-default-staging/pull/1 ref 4b1ffd1f3c9650b9937cd08a3742a6341dddfa5a Could not find a status for repository ***********/environment-default-staging with ref 4b1ffd1f3c9650b9937cd08a3742a6341dddfa5a
WARNING: Failed to query the Pull Request last commit status for https://github.com/***********/environment-default-staging/pull/1 ref 4b1ffd1f3c9650b9937cd08a3742a6341dddfa5a Could not find a status for repository ***********/environment-default-staging with ref 4b1ffd1f3c9650b9937cd08a3742a6341dddfa5a
WARNING: Failed to query the Pull Request last commit status for https://github.com/***********/environment-default-staging/pull/1 ref 4b1ffd1f3c9650b9937cd08a3742a6341dddfa5a Could not find a status for repository ***********/environment-default-staging with ref 4b1ffd1f3c9650b9937cd08a3742a6341dddfa5a
WARNING: Failed to query the Pull Request last commit status for https://github.com/***********/environment-default-staging/pull/1 ref 4b1ffd1f3c9650b9937cd08a3742a6341dddfa5a Could not find a status for repository ***********/environment-default-staging with ref 4b1ffd1f3c9650b9937cd08a3742a6341dddfa5a
WARNING: Failed to query the Pull Request last commit status for https://github.com/***********/environment-default-staging/pull/1 ref 4b1ffd1f3c9650b9937cd08a3742a6341dddfa5a Could not find a status for repository ***********/environment-default-staging with ref 4b1ffd1f3c9650b9937cd08a3742a6341dddfa5a
WARNING: Failed to query the Pull Request last commit status for https://github.com/***********/environment-default-staging/pull/1 ref 4b1ffd1f3c9650b9937cd08a3742a6341dddfa5a Could not find a status for repository ***********/environment-default-staging with ref 4b1ffd1f3c9650b9937cd08a3742a6341dddfa5a
WARNING: Failed to query the Pull Request last commit status for https://github.com/***********/environment-default-staging/pull/1 ref 4b1ffd1f3c9650b9937cd08a3742a6341dddfa5a Could not find a status for repository ***********/environment-default-staging with ref 4b1ffd1f3c9650b9937cd08a3742a6341dddfa5a
WARNING: Failed to query the Pull Request last commit status for https://github.com/***********/environment-default-staging/pull/1 ref 4b1ffd1f3c9650b9937cd08a3742a6341dddfa5a Could not find a status for repository ***********/environment-default-staging with ref 4b1ffd1f3c9650b9937cd08a3742a6341dddfa5a
WARNING: Failed to query the Pull Request last commit status for https://github.com/***********/environment-default-staging/pull/1 ref 4b1ffd1f3c9650b9937cd08a3742a6341dddfa5a Could not find a status for repository ***********/environment-default-staging with ref 4b1ffd1f3c9650b9937cd08a3742a6341dddfa5a
WARNING: Failed to query the Pull Request last commit status for https://github.com/***********/environment-default-staging/pull/1 ref 4b1ffd1f3c9650b9937cd08a3742a6341dddfa5a Could not find a status for repository ***********/environment-default-staging with ref 4b1ffd1f3c9650b9937cd08a3742a6341dddfa5a
WARNING: Failed to query the Pull Request last commit status for https://github.com/***********/environment-default-staging/pull/1 ref 4b1ffd1f3c9650b9937cd08a3742a6341dddfa5a Could not find a status for repository ***********/environment-default-staging with ref 4b1ffd1f3c9650b9937cd08a3742a6341dddfa5a
WARNING: Failed to query the Pull Request last commit status for https://github.com/***********/environment-default-staging/pull/1 ref 4b1ffd1f3c9650b9937cd08a3742a6341dddfa5a Could not find a status for repository ***********/environment-default-staging with ref 4b1ffd1f3c9650b9937cd08a3742a6341dddfa5a
WARNING: Failed to query the Pull Request last commit status for https://github.com/***********/environment-default-staging/pull/1 ref 4b1ffd1f3c9650b9937cd08a3742a6341dddfa5a Could not find a status for repository ***********/environment-default-staging with ref 4b1ffd1f3c9650b9937cd08a3742a6341dddfa5a
WARNING: Failed to query the Pull Request last commit status for https://github.com/***********/environment-default-staging/pull/1 ref 4b1ffd1f3c9650b9937cd08a3742a6341dddfa5a Could not find a status for repository ***********/environment-default-staging with ref 4b1ffd1f3c9650b9937cd08a3742a6341dddfa5a
WARNING: Failed to query the Pull Request last commit status for https://github.com/***********/environment-default-staging/pull/1 ref 4b1ffd1f3c9650b9937cd08a3742a6341dddfa5a Could not find a status for repository ***********/environment-default-staging with ref 4b1ffd1f3c9650b9937cd08a3742a6341dddfa5a
WARNING: Failed to query the Pull Request last commit status for https://github.com/***********/environment-default-staging/pull/1 ref 4b1ffd1f3c9650b9937cd08a3742a6341dddfa5a Could not find a status for repository ***********/environment-default-staging with ref 4b1ffd1f3c9650b9937cd08a3742a6341dddfa5a
WARNING: Failed to query the Pull Request last commit status for https://github.com/***********/environment-default-staging/pull/1 ref 4b1ffd1f3c9650b9937cd08a3742a6341dddfa5a Could not find a status for repository ***********/environment-default-staging with ref 4b1ffd1f3c9650b9937cd08a3742a6341dddfa5a
WARNING: Failed to query the Pull Request last commit status for https://github.com/***********/environment-default-staging/pull/1 ref 4b1ffd1f3c9650b9937cd08a3742a6341dddfa5a Could not find a status for repository ***********/environment-default-staging with ref 4b1ffd1f3c9650b9937cd08a3742a6341dddfa5a
WARNING: Failed to query the Pull Request last commit status for https://github.com/***********/environment-default-staging/pull/1 ref 4b1ffd1f3c9650b9937cd08a3742a6341dddfa5a Could not find a status for repository ***********/environment-default-staging with ref 4b1ffd1f3c9650b9937cd08a3742a6341dddfa5a
WARNING: Failed to query the Pull Request last commit status for https://github.com/***********/environment-default-staging/pull/1 ref 4b1ffd1f3c9650b9937cd08a3742a6341dddfa5a Could not find a status for repository ***********/environment-default-staging with ref 4b1ffd1f3c9650b9937cd08a3742a6341dddfa5a
WARNING: Failed to query the Pull Request last commit status for https://github.com/***********/environment-default-staging/pull/1 ref 4b1ffd1f3c9650b9937cd08a3742a6341dddfa5a Could not find a status for repository ***********/environment-default-staging with ref 4b1ffd1f3c9650b9937cd08a3742a6341dddfa5a
WARNING: Failed to query the Pull Request last commit status for https://github.com/***********/environment-default-staging/pull/1 ref 4b1ffd1f3c9650b9937cd08a3742a6341dddfa5a Could not find a status for repository ***********/environment-default-staging with ref 4b1ffd1f3c9650b9937cd08a3742a6341dddfa5a
WARNING: Failed to query the Pull Request last commit status for https://github.com/***********/environment-default-staging/pull/1 ref 4b1ffd1f3c9650b9937cd08a3742a6341dddfa5a Could not find a status for repository ***********/environment-default-staging with ref 4b1ffd1f3c9650b9937cd08a3742a6341dddfa5a
WARNING: Failed to query the Pull Request last commit status for https://github.com/***********/environment-default-staging/pull/1 ref 4b1ffd1f3c9650b9937cd08a3742a6341dddfa5a Could not find a status for repository ***********/environment-default-staging with ref 4b1ffd1f3c9650b9937cd08a3742a6341dddfa5a
WARNING: Failed to query the Pull Request last commit status for https://github.com/***********/environment-default-staging/pull/1 ref 4b1ffd1f3c9650b9937cd08a3742a6341dddfa5a Could not find a status for repository ***********/environment-default-staging with ref 4b1ffd1f3c9650b9937cd08a3742a6341dddfa5a
WARNING: Failed to query the Pull Request last commit status for https://github.com/***********/environment-default-staging/pull/1 ref 4b1ffd1f3c9650b9937cd08a3742a6341dddfa5a Could not find a status for repository ***********/environment-default-staging with ref 4b1ffd1f3c9650b9937cd08a3742a6341dddfa5a
WARNING: Failed to query the Pull Request last commit status for https://github.com/***********/environment-default-staging/pull/1 ref 4b1ffd1f3c9650b9937cd08a3742a6341dddfa5a Could not find a status for repository ***********/environment-default-staging with ref 4b1ffd1f3c9650b9937cd08a3742a6341dddfa5a
WARNING: Failed to query the Pull Request last commit status for https://github.com/***********/environment-default-staging/pull/1 ref 4b1ffd1f3c9650b9937cd08a3742a6341dddfa5a Could not find a status for repository ***********/environment-default-staging with ref 4b1ffd1f3c9650b9937cd08a3742a6341dddfa5a
WARNING: Failed to query the Pull Request last commit status for https://github.com/***********/environment-default-staging/pull/1 ref 4b1ffd1f3c9650b9937cd08a3742a6341dddfa5a Could not find a status for repository ***********/environment-default-staging with ref 4b1ffd1f3c9650b9937cd08a3742a6341dddfa5a
WARNING: Failed to query the Pull Request last commit status for https://github.com/***********/environment-default-staging/pull/1 ref 4b1ffd1f3c9650b9937cd08a3742a6341dddfa5a Could not find a status for repository ***********/environment-default-staging with ref 4b1ffd1f3c9650b9937cd08a3742a6341dddfa5a
WARNING: Failed to query the Pull Request last commit status for https://github.com/***********/environment-default-staging/pull/1 ref 4b1ffd1f3c9650b9937cd08a3742a6341dddfa5a Could not find a status for repository ***********/environment-default-staging with ref 4b1ffd1f3c9650b9937cd08a3742a6341dddfa5a
WARNING: Failed to query the Pull Request last commit status for https://github.com/***********/environment-default-staging/pull/1 ref 4b1ffd1f3c9650b9937cd08a3742a6341dddfa5a Could not find a status for repository ***********/environment-default-staging with ref 4b1ffd1f3c9650b9937cd08a3742a6341dddfa5a
WARNING: Failed to query the Pull Request last commit status for https://github.com/***********/environment-default-staging/pull/1 ref 4b1ffd1f3c9650b9937cd08a3742a6341dddfa5a Could not find a status for repository ***********/environment-default-staging with ref 4b1ffd1f3c9650b9937cd08a3742a6341dddfa5a
WARNING: Failed to query the Pull Request last commit status for https://github.com/***********/environment-default-staging/pull/1 ref 4b1ffd1f3c9650b9937cd08a3742a6341dddfa5a Could not find a status for repository ***********/environment-default-staging with ref 4b1ffd1f3c9650b9937cd08a3742a6341dddfa5a
WARNING: Failed to query the Pull Request last commit status for https://github.com/***********/environment-default-staging/pull/1 ref 4b1ffd1f3c9650b9937cd08a3742a6341dddfa5a Could not find a status for repository ***********/environment-default-staging with ref 4b1ffd1f3c9650b9937cd08a3742a6341dddfa5a
WARNING: Failed to query the Pull Request last commit status for https://github.com/***********/environment-default-staging/pull/1 ref 4b1ffd1f3c9650b9937cd08a3742a6341dddfa5a Could not find a status for repository ***********/environment-default-staging with ref 4b1ffd1f3c9650b9937cd08a3742a6341dddfa5a
WARNING: Failed to query the Pull Request last commit status for https://github.com/***********/environment-default-staging/pull/1 ref 4b1ffd1f3c9650b9937cd08a3742a6341dddfa5a Could not find a status for repository ***********/environment-default-staging with ref 4b1ffd1f3c9650b9937cd08a3742a6341dddfa5a
WARNING: Failed to query the Pull Request last commit status for https://github.com/***********/environment-default-staging/pull/1 ref 4b1ffd1f3c9650b9937cd08a3742a6341dddfa5a Could not find a status for repository ***********/environment-default-staging with ref 4b1ffd1f3c9650b9937cd08a3742a6341dddfa5a
WARNING: Failed to query the Pull Request last commit status for https://github.com/***********/environment-default-staging/pull/1 ref 4b1ffd1f3c9650b9937cd08a3742a6341dddfa5a Could not find a status for repository ***********/environment-default-staging with ref 4b1ffd1f3c9650b9937cd08a3742a6341dddfa5a
WARNING: Failed to query the Pull Request last commit status for https://github.com/***********/environment-default-staging/pull/1 ref 4b1ffd1f3c9650b9937cd08a3742a6341dddfa5a Could not find a status for repository ***********/environment-default-staging with ref 4b1ffd1f3c9650b9937cd08a3742a6341dddfa5a
WARNING: Failed to query the Pull Request last commit status for https://github.com/***********/environment-default-staging/pull/1 ref 4b1ffd1f3c9650b9937cd08a3742a6341dddfa5a Could not find a status for repository ***********/environment-default-staging with ref 4b1ffd1f3c9650b9937cd08a3742a6341dddfa5a
WARNING: Failed to query the Pull Request last commit status for https://github.com/***********/environment-default-staging/pull/1 ref 4b1ffd1f3c9650b9937cd08a3742a6341dddfa5a Could not find a status for repository ***********/environment-default-staging with ref 4b1ffd1f3c9650b9937cd08a3742a6341dddfa5a
WARNING: Failed to query the Pull Request last commit status for https://github.com/***********/environment-default-staging/pull/1 ref 4b1ffd1f3c9650b9937cd08a3742a6341dddfa5a Could not find a status for repository ***********/environment-default-staging with ref 4b1ffd1f3c9650b9937cd08a3742a6341dddfa5a
WARNING: Failed to query the Pull Request last commit status for https://github.com/***********/environment-default-staging/pull/1 ref 4b1ffd1f3c9650b9937cd08a3742a6341dddfa5a Could not find a status for repository ***********/environment-default-staging with ref 4b1ffd1f3c9650b9937cd08a3742a6341dddfa5a
WARNING: Failed to query the Pull Request last commit status for https://github.com/***********/environment-default-staging/pull/1 ref 4b1ffd1f3c9650b9937cd08a3742a6341dddfa5a Could not find a status for repository ***********/environment-default-staging with ref 4b1ffd1f3c9650b9937cd08a3742a6341dddfa5a
WARNING: Failed to query the Pull Request last commit status for https://github.com/***********/environment-default-staging/pull/1 ref 4b1ffd1f3c9650b9937cd08a3742a6341dddfa5a Could not find a status for repository ***********/environment-default-staging with ref 4b1ffd1f3c9650b9937cd08a3742a6341dddfa5a
WARNING: Failed to query the Pull Request last commit status for https://github.com/***********/environment-default-staging/pull/1 ref 4b1ffd1f3c9650b9937cd08a3742a6341dddfa5a Could not find a status for repository ***********/environment-default-staging with ref 4b1ffd1f3c9650b9937cd08a3742a6341dddfa5a
WARNING: Failed to query the Pull Request last commit status for https://github.com/***********/environment-default-staging/pull/1 ref 4b1ffd1f3c9650b9937cd08a3742a6341dddfa5a Could not find a status for repository ***********/environment-default-staging with ref 4b1ffd1f3c9650b9937cd08a3742a6341dddfa5a
WARNING: Failed to query the Pull Request last commit status for https://github.com/***********/environment-default-staging/pull/1 ref 4b1ffd1f3c9650b9937cd08a3742a6341dddfa5a Could not find a status for repository ***********/environment-default-staging with ref 4b1ffd1f3c9650b9937cd08a3742a6341dddfa5a
WARNING: Failed to query the Pull Request last commit status for https://github.com/***********/environment-default-staging/pull/1 ref 4b1ffd1f3c9650b9937cd08a3742a6341dddfa5a Could not find a status for repository ***********/environment-default-staging with ref 4b1ffd1f3c9650b9937cd08a3742a6341dddfa5a
WARNING: Failed to query the Pull Request last commit status for https://github.com/***********/environment-default-staging/pull/1 ref 4b1ffd1f3c9650b9937cd08a3742a6341dddfa5a Could not find a status for repository ***********/environment-default-staging with ref 4b1ffd1f3c9650b9937cd08a3742a6341dddfa5a
WARNING: Failed to query the Pull Request last commit status for https://github.com/***********/environment-default-staging/pull/1 ref 4b1ffd1f3c9650b9937cd08a3742a6341dddfa5a Could not find a status for repository ***********/environment-default-staging with ref 4b1ffd1f3c9650b9937cd08a3742a6341dddfa5a
WARNING: Failed to query the Pull Request last commit status for https://github.com/***********/environment-default-staging/pull/1 ref 4b1ffd1f3c9650b9937cd08a3742a6341dddfa5a Could not find a status for repository ***********/environment-default-staging with ref 4b1ffd1f3c9650b9937cd08a3742a6341dddfa5a
WARNING: Failed to query the Pull Request last commit status for https://github.com/***********/environment-default-staging/pull/1 ref 4b1ffd1f3c9650b9937cd08a3742a6341dddfa5a Could not find a status for repository ***********/environment-default-staging with ref 4b1ffd1f3c9650b9937cd08a3742a6341dddfa5a
WARNING: Failed to query the Pull Request last commit status for https://github.com/***********/environment-default-staging/pull/1 ref 4b1ffd1f3c9650b9937cd08a3742a6341dddfa5a Could not find a status for repository ***********/environment-default-staging with ref 4b1ffd1f3c9650b9937cd08a3742a6341dddfa5a
WARNING: Failed to query the Pull Request last commit status for https://github.com/***********/environment-default-staging/pull/1 ref 4b1ffd1f3c9650b9937cd08a3742a6341dddfa5a Could not find a status for repository ***********/environment-default-staging with ref 4b1ffd1f3c9650b9937cd08a3742a6341dddfa5a
WARNING: Failed to query the Pull Request last commit status for https://github.com/***********/environment-default-staging/pull/1 ref 4b1ffd1f3c9650b9937cd08a3742a6341dddfa5a Could not find a status for repository ***********/environment-default-staging with ref 4b1ffd1f3c9650b9937cd08a3742a6341dddfa5a
WARNING: Failed to query the Pull Request last commit status for https://github.com/***********/environment-default-staging/pull/1 ref 4b1ffd1f3c9650b9937cd08a3742a6341dddfa5a Could not find a status for repository ***********/environment-default-staging with ref 4b1ffd1f3c9650b9937cd08a3742a6341dddfa5a
WARNING: Failed to query the Pull Request last commit status for https://github.com/***********/environment-default-staging/pull/1 ref 4b1ffd1f3c9650b9937cd08a3742a6341dddfa5a Could not find a status for repository ***********/environment-default-staging with ref 4b1ffd1f3c9650b9937cd08a3742a6341dddfa5a
WARNING: Failed to query the Pull Request last commit status for https://github.com/***********/environment-default-staging/pull/1 ref 4b1ffd1f3c9650b9937cd08a3742a6341dddfa5a Could not find a status for repository ***********/environment-default-staging with ref 4b1ffd1f3c9650b9937cd08a3742a6341dddfa5a
WARNING: Failed to query the Pull Request last commit status for https://github.com/***********/environment-default-staging/pull/1 ref 4b1ffd1f3c9650b9937cd08a3742a6341dddfa5a Could not find a status for repository ***********/environment-default-staging with ref 4b1ffd1f3c9650b9937cd08a3742a6341dddfa5a
WARNING: Failed to query the Pull Request last commit status for https://github.com/***********/environment-default-staging/pull/1 ref 4b1ffd1f3c9650b9937cd08a3742a6341dddfa5a Could not find a status for repository ***********/environment-default-staging with ref 4b1ffd1f3c9650b9937cd08a3742a6341dddfa5a
WARNING: Failed to query the Pull Request last commit status for https://github.com/***********/environment-default-staging/pull/1 ref 4b1ffd1f3c9650b9937cd08a3742a6341dddfa5a Could not find a status for repository ***********/environment-default-staging with ref 4b1ffd1f3c9650b9937cd08a3742a6341dddfa5a
WARNING: Failed to query the Pull Request last commit status for https://github.com/***********/environment-default-staging/pull/1 ref 4b1ffd1f3c9650b9937cd08a3742a6341dddfa5a Could not find a status for repository ***********/environment-default-staging with ref 4b1ffd1f3c9650b9937cd08a3742a6341dddfa5a
WARNING: Failed to query the Pull Request last commit status for https://github.com/***********/environment-default-staging/pull/1 ref 4b1ffd1f3c9650b9937cd08a3742a6341dddfa5a Could not find a status for repository ***********/environment-default-staging with ref 4b1ffd1f3c9650b9937cd08a3742a6341dddfa5a
WARNING: Failed to query the Pull Request last commit status for https://github.com/***********/environment-default-staging/pull/1 ref 4b1ffd1f3c9650b9937cd08a3742a6341dddfa5a Could not find a status for repository ***********/environment-default-staging with ref 4b1ffd1f3c9650b9937cd08a3742a6341dddfa5a
WARNING: Failed to query the Pull Request last commit status for https://github.com/***********/environment-default-staging/pull/1 ref 4b1ffd1f3c9650b9937cd08a3742a6341dddfa5a Could not find a status for repository ***********/environment-default-staging with ref 4b1ffd1f3c9650b9937cd08a3742a6341dddfa5a
WARNING: Failed to query the Pull Request last commit status for https://github.com/***********/environment-default-staging/pull/1 ref 4b1ffd1f3c9650b9937cd08a3742a6341dddfa5a Could not find a status for repository ***********/environment-default-staging with ref 4b1ffd1f3c9650b9937cd08a3742a6341dddfa5a
WARNING: Failed to query the Pull Request last commit status for https://github.com/***********/environment-default-staging/pull/1 ref 4b1ffd1f3c9650b9937cd08a3742a6341dddfa5a Could not find a status for repository ***********/environment-default-staging with ref 4b1ffd1f3c9650b9937cd08a3742a6341dddfa5a
WARNING: Failed to query the Pull Request last commit status for https://github.com/***********/environment-default-staging/pull/1 ref 4b1ffd1f3c9650b9937cd08a3742a6341dddfa5a Could not find a status for repository ***********/environment-default-staging with ref 4b1ffd1f3c9650b9937cd08a3742a6341dddfa5a
WARNING: Failed to query the Pull Request last commit status for https://github.com/***********/environment-default-staging/pull/1 ref 4b1ffd1f3c9650b9937cd08a3742a6341dddfa5a Could not find a status for repository ***********/environment-default-staging with ref 4b1ffd1f3c9650b9937cd08a3742a6341dddfa5a
WARNING: Failed to query the Pull Request last commit status for https://github.com/***********/environment-default-staging/pull/1 ref 4b1ffd1f3c9650b9937cd08a3742a6341dddfa5a Could not find a status for repository ***********/environment-default-staging with ref 4b1ffd1f3c9650b9937cd08a3742a6341dddfa5a
WARNING: Failed to query the Pull Request last commit status for https://github.com/***********/environment-default-staging/pull/1 ref 4b1ffd1f3c9650b9937cd08a3742a6341dddfa5a Could not find a status for repository ***********/environment-default-staging with ref 4b1ffd1f3c9650b9937cd08a3742a6341dddfa5a
WARNING: Failed to query the Pull Request last commit status for https://github.com/***********/environment-default-staging/pull/1 ref 4b1ffd1f3c9650b9937cd08a3742a6341dddfa5a Could not find a status for repository ***********/environment-default-staging with ref 4b1ffd1f3c9650b9937cd08a3742a6341dddfa5a
WARNING: Failed to query the Pull Request last commit status for https://github.com/***********/environment-default-staging/pull/1 ref 4b1ffd1f3c9650b9937cd08a3742a6341dddfa5a Could not find a status for repository ***********/environment-default-staging with ref 4b1ffd1f3c9650b9937cd08a3742a6341dddfa5a
WARNING: Failed to query the Pull Request last commit status for https://github.com/***********/environment-default-staging/pull/1 ref 4b1ffd1f3c9650b9937cd08a3742a6341dddfa5a Could not find a status for repository ***********/environment-default-staging with ref 4b1ffd1f3c9650b9937cd08a3742a6341dddfa5a
Rebasing PullRequest due to conflict
WARNING: 
WARNING: Failed to query the Pull Request last commit status for https://github.com/***********/environment-default-staging/pull/1 ref 4b1ffd1f3c9650b9937cd08a3742a6341dddfa5a Could not find a status for repository ***********/environment-default-staging with ref 4b1ffd1f3c9650b9937cd08a3742a6341dddfa5a
Rebasing PullRequest due to conflict
WARNING: 
WARNING: Failed to query the Pull Request last commit status for https://github.com/***********/environment-default-staging/pull/1 ref 4b1ffd1f3c9650b9937cd08a3742a6341dddfa5a Could not find a status for repository ***********/environment-default-staging with ref 4b1ffd1f3c9650b9937cd08a3742a6341dddfa5a
Rebasing PullRequest due to conflict
WARNING: 
WARNING: Failed to query the Pull Request last commit status for https://github.com/***********/environment-default-staging/pull/1 ref 4b1ffd1f3c9650b9937cd08a3742a6341dddfa5a Could not find a status for repository ***********/environment-default-staging with ref 4b1ffd1f3c9650b9937cd08a3742a6341dddfa5a
Rebasing PullRequest due to conflict
WARNING: 
WARNING: Failed to query the Pull Request last commit status for https://github.com/***********/environment-default-staging/pull/1 ref 4b1ffd1f3c9650b9937cd08a3742a6341dddfa5a Could not find a status for repository ***********/environment-default-staging with ref 4b1ffd1f3c9650b9937cd08a3742a6341dddfa5a
Rebasing PullRequest due to conflict
WARNING: 
WARNING: Failed to query the Pull Request last commit status for https://github.com/***********/environment-default-staging/pull/1 ref 4b1ffd1f3c9650b9937cd08a3742a6341dddfa5a Could not find a status for repository ***********/environment-default-staging with ref 4b1ffd1f3c9650b9937cd08a3742a6341dddfa5a
Rebasing PullRequest due to conflict
WARNING: 
WARNING: Failed to query the Pull Request last commit status for https://github.com/***********/environment-default-staging/pull/1 ref 4b1ffd1f3c9650b9937cd08a3742a6341dddfa5a Could not find a status for repository ***********/environment-default-staging with ref 4b1ffd1f3c9650b9937cd08a3742a6341dddfa5a
Rebasing PullRequest due to conflict
WARNING: 
WARNING: Failed to query the Pull Request last commit status for https://github.com/***********/environment-default-staging/pull/1 ref 4b1ffd1f3c9650b9937cd08a3742a6341dddfa5a Could not find a status for repository ***********/environment-default-staging with ref 4b1ffd1f3c9650b9937cd08a3742a6341dddfa5a
Rebasing PullRequest due to conflict
WARNING: 
WARNING: Failed to query the Pull Request last commit status for https://github.com/***********/environment-default-staging/pull/1 ref 4b1ffd1f3c9650b9937cd08a3742a6341dddfa5a Could not find a status for repository ***********/environment-default-staging with ref 4b1ffd1f3c9650b9937cd08a3742a6341dddfa5a
Rebasing PullRequest due to conflict
WARNING: 
WARNING: Failed to query the Pull Request last commit status for https://github.com/***********/environment-default-staging/pull/1 ref 4b1ffd1f3c9650b9937cd08a3742a6341dddfa5a Could not find a status for repository ***********/environment-default-staging with ref 4b1ffd1f3c9650b9937cd08a3742a6341dddfa5a
Rebasing PullRequest due to conflict
WARNING: 
WARNING: Failed to query the Pull Request last commit status for https://github.com/***********/environment-default-staging/pull/1 ref 4b1ffd1f3c9650b9937cd08a3742a6341dddfa5a Could not find a status for repository ***********/environment-default-staging with ref 4b1ffd1f3c9650b9937cd08a3742a6341dddfa5a
Rebasing PullRequest due to conflict
WARNING: 
WARNING: Failed to query the Pull Request last commit status for https://github.com/***********/environment-default-staging/pull/1 ref 4b1ffd1f3c9650b9937cd08a3742a6341dddfa5a Could not find a status for repository ***********/environment-default-staging with ref 4b1ffd1f3c9650b9937cd08a3742a6341dddfa5a
Rebasing PullRequest due to conflict
WARNING: 
WARNING: Failed to query the Pull Request last commit status for https://github.com/***********/environment-default-staging/pull/1 ref 4b1ffd1f3c9650b9937cd08a3742a6341dddfa5a Could not find a status for repository ***********/environment-default-staging with ref 4b1ffd1f3c9650b9937cd08a3742a6341dddfa5a
Rebasing PullRequest due to conflict
WARNING: 
WARNING: Failed to query the Pull Request last commit status for https://github.com/***********/environment-default-staging/pull/1 ref 4b1ffd1f3c9650b9937cd08a3742a6341dddfa5a Could not find a status for repository ***********/environment-default-staging with ref 4b1ffd1f3c9650b9937cd08a3742a6341dddfa5a
Rebasing PullRequest due to conflict
WARNING: 
WARNING: Failed to query the Pull Request last commit status for https://github.com/***********/environment-default-staging/pull/1 ref 4b1ffd1f3c9650b9937cd08a3742a6341dddfa5a Could not find a status for repository ***********/environment-default-staging with ref 4b1ffd1f3c9650b9937cd08a3742a6341dddfa5a
Rebasing PullRequest due to conflict
WARNING: 
WARNING: Failed to query the Pull Request last commit status for https://github.com/***********/environment-default-staging/pull/1 ref 4b1ffd1f3c9650b9937cd08a3742a6341dddfa5a Could not find a status for repository ***********/environment-default-staging with ref 4b1ffd1f3c9650b9937cd08a3742a6341dddfa5a
Rebasing PullRequest due to conflict
WARNING: 
WARNING: Failed to query the Pull Request last commit status for https://github.com/***********/environment-default-staging/pull/1 ref 4b1ffd1f3c9650b9937cd08a3742a6341dddfa5a Could not find a status for repository ***********/environment-default-staging with ref 4b1ffd1f3c9650b9937cd08a3742a6341dddfa5a
Rebasing PullRequest due to conflict
WARNING: 
WARNING: Failed to query the Pull Request last commit status for https://github.com/***********/environment-default-staging/pull/1 ref 4b1ffd1f3c9650b9937cd08a3742a6341dddfa5a Could not find a status for repository ***********/environment-default-staging with ref 4b1ffd1f3c9650b9937cd08a3742a6341dddfa5a
Rebasing PullRequest due to conflict
WARNING: 
WARNING: Failed to query the Pull Request last commit status for https://github.com/***********/environment-default-staging/pull/1 ref 4b1ffd1f3c9650b9937cd08a3742a6341dddfa5a Could not find a status for repository ***********/environment-default-staging with ref 4b1ffd1f3c9650b9937cd08a3742a6341dddfa5a
Rebasing PullRequest due to conflict
WARNING: 
WARNING: Failed to query the Pull Request last commit status for https://github.com/***********/environment-default-staging/pull/1 ref 4b1ffd1f3c9650b9937cd08a3742a6341dddfa5a Could not find a status for repository ***********/environment-default-staging with ref 4b1ffd1f3c9650b9937cd08a3742a6341dddfa5a
Rebasing PullRequest due to conflict
WARNING: 
WARNING: Failed to query the Pull Request last commit status for https://github.com/***********/environment-default-staging/pull/1 ref 4b1ffd1f3c9650b9937cd08a3742a6341dddfa5a Could not find a status for repository ***********/environment-default-staging with ref 4b1ffd1f3c9650b9937cd08a3742a6341dddfa5a
Rebasing PullRequest due to conflict
WARNING: 
WARNING: Failed to query the Pull Request last commit status for https://github.com/***********/environment-default-staging/pull/1 ref 4b1ffd1f3c9650b9937cd08a3742a6341dddfa5a Could not find a status for repository ***********/environment-default-staging with ref 4b1ffd1f3c9650b9937cd08a3742a6341dddfa5a
Rebasing PullRequest due to conflict
WARNING: 
error: Timed out waiting for pull request https://github.com/***********/environment-default-staging/pull/1 to merge. Waited 1h0m0s
[31m
Pipeline failed on stage 'from-build-pack' : container 'step-promote-jx-promote'. The execution of the pipeline has stopped.[0m
