
Showing logs for build [32mystacks-bot-awesome-go-master-9d27l-6[0m stage [32mfrom-build-pack[0m and container [32mstep-credential-initializer-58j6f[0m
{"level":"warn","ts":1584158725.8971472,"logger":"fallback-logger","caller":"logging/config.go:69","msg":"Fetch GitHub commit ID from kodata failed: \"ref: refs/heads/0.8.0-**-support-backwards-incompats\" is not a valid GitHub commit ID"}
{"level":"info","ts":1584158725.897482,"logger":"fallback-logger","caller":"creds-init/main.go:40","msg":"Credentials initialized."}

Showing logs for build [32mystacks-bot-awesome-go-master-9d27l-6[0m stage [32mfrom-build-pack[0m and container [32mstep-working-dir-initializer-f7xl4[0m
{"level":"warn","ts":1584158727.1182072,"logger":"fallback-logger","caller":"logging/config.go:69","msg":"Fetch GitHub commit ID from kodata failed: open /var/run/ko/HEAD: no such file or directory"}
{"level":"info","ts":1584158727.1204352,"logger":"fallback-logger","caller":"bash/main.go:64","msg":"Successfully executed command \"sh -c mkdir -p /workspace/source\"; output "}

Showing logs for build [32mystacks-bot-awesome-go-master-9d27l-6[0m stage [32mfrom-build-pack[0m and container [32mstep-place-tools[0m

Showing logs for build [32mystacks-bot-awesome-go-master-9d27l-6[0m stage [32mfrom-build-pack[0m and container [32mstep-git-source-ystacks-bot-awesome-go-master-9d27l-zcbdt[0m
{"level":"warn","ts":1584158733.3414757,"logger":"fallback-logger","caller":"logging/config.go:69","msg":"Fetch GitHub commit ID from kodata failed: \"ref: refs/heads/0.8.0-**-support-backwards-incompats\" is not a valid GitHub commit ID"}
{"level":"info","ts":1584158736.1407528,"logger":"fallback-logger","caller":"git/git.go:103","msg":"Successfully cloned https://github.com/***********/awesome-go.git @ v0.0.16 in path /workspace/source"}

Showing logs for build [32mystacks-bot-awesome-go-master-9d27l-6[0m stage [32mfrom-build-pack[0m and container [32mstep-git-merge[0m
Using SHAs from PULL_REFS=master:
WARNING: no SHAs to merge, falling back to initial cloned commit

Showing logs for build [32mystacks-bot-awesome-go-master-9d27l-6[0m stage [32mfrom-build-pack[0m and container [32mstep-setup-jx-git-credentials[0m
Generated Git credentials file /workspace/xdg_config/git/credentials

Showing logs for build [32mystacks-bot-awesome-go-master-9d27l-6[0m stage [32mfrom-build-pack[0m and container [32mstep-build-make-build[0m
CGO_ENABLED=0 GO15VENDOREXPERIMENT=1 go build -ldflags '' -o bin/awesome-go main.go

Showing logs for build [32mystacks-bot-awesome-go-master-9d27l-6[0m stage [32mfrom-build-pack[0m and container [32mstep-build-container-build[0m
[36mINFO[0m[0000] No base image, nothing to extract            
[36mINFO[0m[0000] cmd: EXPOSE                                  
[36mINFO[0m[0000] Adding exposed port: 8080/tcp                
[36mINFO[0m[0000] Using files from context: [/workspace/source/bin] 
[36mINFO[0m[0000] Skipping unpacking as no commands require it. 
[36mINFO[0m[0000] Taking snapshot of full filesystem...        
[36mINFO[0m[0000] EXPOSE 8080                                  
[36mINFO[0m[0000] cmd: EXPOSE                                  
[36mINFO[0m[0000] Adding exposed port: 8080/tcp                
[36mINFO[0m[0000] No files changed in this command, skipping snapshotting. 
[36mINFO[0m[0000] ENTRYPOINT ["/awesome-go"]                   
[36mINFO[0m[0000] No files changed in this command, skipping snapshotting. 
[36mINFO[0m[0000] Using files from context: [/workspace/source/bin] 
[36mINFO[0m[0000] COPY ./bin/ /                                
[36mINFO[0m[0000] Taking snapshot of files...                  
2020/03/14 04:05:56 pushed blob: sha256:b62625726ec45af26de8a3d41e8724ea5a4495dcb8f1a1153a43d8cba6d39d19
2020/03/14 04:06:01 pushed blob: sha256:626b477392d4ae04b00415f82698c21b9fdff539d9a646264bc0dea5314b1126
2020/03/14 04:06:02 index.docker.io/ystacks/awesome-go:0.0.16: digest: sha256:6e3c0d7ac95ab3d53e6d061ab4b7ab2d0249de8ee018cd474e5377e346a4f4ec size: 428

Showing logs for build [32mystacks-bot-awesome-go-master-9d27l-6[0m stage [32mfrom-build-pack[0m and container [32mstep-build-post-build[0m
no CVE provider running in the current ** namespace so skip adding image to be analysed

Showing logs for build [32mystacks-bot-awesome-go-master-9d27l-6[0m stage [32mfrom-build-pack[0m and container [32mstep-promote-changelog[0m
Converted /workspace/source/charts/awesome-go to an unshallow repository
Generating change log from git ref d0e81c92a1cf72661a863a05c1f91a44d76d10ce => 36ba29067116e27c9b9fd9b0c5cf8eae4c0d0fbe
WARNING: No release found for ***********/awesome-go and tag v0.0.16 so creating a new release
Updated the release information at https://github.com/***********/awesome-go/releases/tag/v0.0.16
generated: /workspace/source/charts/awesome-go/templates/release.yaml
Created Release awesome-go-0-0-16 resource in namespace **
Updating PipelineActivity ***********-awesome-go-master-6 with version 0.0.16
Updated PipelineActivities ***********-awesome-go-master-6 with release notes URL: https://github.com/***********/awesome-go/releases/tag/v0.0.16

Showing logs for build [32mystacks-bot-awesome-go-master-9d27l-6[0m stage [32mfrom-build-pack[0m and container [32mstep-promote-helm-release[0m
WARNING: No $CHART_REPOSITORY defined so using the default value of: http://jenkins-x-chartmuseum:8080
Adding missing Helm repo: storage.googleapis.com https://storage.googleapis.com/chartmuseum.jenkins-x.io
Successfully added Helm repository storage.googleapis.com.
Adding missing Helm repo: jenkins-x-chartmuseum http://jenkins-x-chartmuseum:8080
Successfully added Helm repository jenkins-x-chartmuseum.
WARNING: No $CHART_REPOSITORY defined so using the default value of: http://jenkins-x-chartmuseum:8080
Uploading chart file awesome-go-0.0.16.tgz to http://jenkins-x-chartmuseum:8080/api/charts
Received 201 response: {"saved":true}

Showing logs for build [32mystacks-bot-awesome-go-master-9d27l-6[0m stage [32mfrom-build-pack[0m and container [32mstep-promote-jx-promote[0m
WARNING: prow based install so skip waiting for the merge of Pull Requests to go green as currently there is an issue with gettingstatuses from the PR, see https://github.com/jenkins-x/**/issues/2410
WARNING: No $CHART_REPOSITORY defined so using the default value of: http://jenkins-x-chartmuseum:8080
Promoting app awesome-go version 0.0.16 to namespace **-staging
WARNING: 
Created Pull Request: https://github.com/***********/environment-default-staging/pull/4
Added label updatebot to Pull Request https://github.com/***********/environment-default-staging/pull/4
got git provider status pending from PR https://github.com/***********/environment-default-staging/pull/4
got git provider status pending from PR https://github.com/***********/environment-default-staging/pull/4
got git provider status pending from PR https://github.com/***********/environment-default-staging/pull/4
got git provider status pending from PR https://github.com/***********/environment-default-staging/pull/4
got git provider status pending from PR https://github.com/***********/environment-default-staging/pull/4
got git provider status pending from PR https://github.com/***********/environment-default-staging/pull/4
Pull Request https://github.com/***********/environment-default-staging/pull/4 is merged at sha 9edc63bbc86da124ca4ea1f7e3f6a2305246057d
Pull Request merged but we are not waiting for the update pipeline to complete!
