
Showing logs for build [32mmeta-ystacks-bot-awesome-go-pr-4qlnf-3[0m stage [32mfrom-build-pack[0m and container [32mstep-credential-initializer-sxc5l[0m
{"level":"warn","ts":1584239832.9478843,"logger":"fallback-logger","caller":"logging/config.go:69","msg":"Fetch GitHub commit ID from kodata failed: \"ref: refs/heads/0.8.0-**-support-backwards-incompats\" is not a valid GitHub commit ID"}
{"level":"info","ts":1584239832.948156,"logger":"fallback-logger","caller":"creds-init/main.go:40","msg":"Credentials initialized."}

Showing logs for build [32mmeta-ystacks-bot-awesome-go-pr-4qlnf-3[0m stage [32mfrom-build-pack[0m and container [32mstep-working-dir-initializer-drqzr[0m
{"level":"warn","ts":1584239833.9301038,"logger":"fallback-logger","caller":"logging/config.go:69","msg":"Fetch GitHub commit ID from kodata failed: open /var/run/ko/HEAD: no such file or directory"}
{"level":"info","ts":1584239833.9308543,"logger":"fallback-logger","caller":"bash/main.go:64","msg":"Successfully executed command \"sh -c mkdir -p /workspace/source\"; output "}

Showing logs for build [32mmeta-ystacks-bot-awesome-go-pr-4qlnf-3[0m stage [32mfrom-build-pack[0m and container [32mstep-place-tools[0m

Showing logs for build [32mmeta-ystacks-bot-awesome-go-pr-4qlnf-3[0m stage [32mfrom-build-pack[0m and container [32mstep-git-source-ystacks-bot-awesome-go-pr-10-pr-2z2bt-pjwsp[0m
{"level":"warn","ts":1584239839.0790868,"logger":"fallback-logger","caller":"logging/config.go:69","msg":"Fetch GitHub commit ID from kodata failed: \"ref: refs/heads/0.8.0-**-support-backwards-incompats\" is not a valid GitHub commit ID"}
{"level":"info","ts":1584239843.951492,"logger":"fallback-logger","caller":"git/git.go:103","msg":"Successfully cloned https://github.com/***********/awesome-go.git @ master in path /workspace/source"}

Showing logs for build [32mmeta-ystacks-bot-awesome-go-pr-4qlnf-3[0m stage [32mfrom-build-pack[0m and container [32mstep-git-merge[0m
Using SHAs from PULL_REFS=master:f98da74fc3892c701b71cea94aa413c050c21e9c,10:8286c85c888bbfc5afcc6508d015add79d671a8f
DEBUG: LC_ALL=C JX_LOG_LEVEL=error git fetch origin --unshallow 8286c85c888bbfc5afcc6508d015add79d671a8f: f98da74fc3892c701b71cea94aa413c050c21e9c:
DEBUG: ran git fetch --unshallow origin 8286c85c888bbfc5afcc6508d015add79d671a8f: f98da74fc3892c701b71cea94aa413c050c21e9c: in 
DEBUG: LC_ALL=C JX_LOG_LEVEL=error git branch
DEBUG: LC_ALL=C JX_LOG_LEVEL=error git checkout master
DEBUG: ran git checkout master in 
DEBUG: LC_ALL=C JX_LOG_LEVEL=error git reset --hard f98da74fc3892c701b71cea94aa413c050c21e9c
DEBUG: ran git reset --hard f98da74fc3892c701b71cea94aa413c050c21e9c in 
DEBUG: LC_ALL=C JX_LOG_LEVEL=error git clean -fd .
DEBUG: ran clean --force -d . in 
DEBUG: LC_ALL=C JX_LOG_LEVEL=error git merge 8286c85c888bbfc5afcc6508d015add79d671a8f
DEBUG: ran git merge 8286c85c888bbfc5afcc6508d015add79d671a8f in 
DEBUG: LC_ALL=C JX_LOG_LEVEL=error git log --format=%H%x1f%an%x1f%ae%x1f%cn%x1f%ce%x1f%s%n%b%x1e f98da74fc3892c701b71cea94aa413c050c21e9c..HEAD
Merged SHA 8286c85c888bbfc5afcc6508d015add79d671a8f with commit message 'feat: update output with pr owner' into base branch master

Showing logs for build [32mmeta-ystacks-bot-awesome-go-pr-4qlnf-3[0m stage [32mfrom-build-pack[0m and container [32mstep-build-make-linux[0m
CGO_ENABLED=0 GOOS=linux GOARCH=amd64 GO15VENDOREXPERIMENT=1 go build -ldflags '' -o bin/awesome-go main.go

Showing logs for build [32mmeta-ystacks-bot-awesome-go-pr-4qlnf-3[0m stage [32mfrom-build-pack[0m and container [32mstep-build-container-build[0m
[36mINFO[0m[0000] No base image, nothing to extract            
[36mINFO[0m[0000] cmd: EXPOSE                                  
[36mINFO[0m[0000] Adding exposed port: 8080/tcp                
[36mINFO[0m[0000] Using files from context: [/workspace/source/bin] 
[36mINFO[0m[0000] Skipping unpacking as no commands require it. 
[36mINFO[0m[0000] Taking snapshot of full filesystem...        
[36mINFO[0m[0000] EXPOSE 8080                                  
[36mINFO[0m[0000] cmd: EXPOSE                                  
[36mINFO[0m[0000] Adding exposed port: 8080/tcp                
[36mINFO[0m[0000] No files changed in this command, skipping snapshotting. 
[36mINFO[0m[0000] ENTRYPOINT ["/awesome-go"]                   
[36mINFO[0m[0000] No files changed in this command, skipping snapshotting. 
[36mINFO[0m[0000] Using files from context: [/workspace/source/bin] 
[36mINFO[0m[0000] COPY ./bin/ /                                
[36mINFO[0m[0000] Taking snapshot of files...                  
2020/03/15 02:37:54 pushed blob: sha256:db2d7ab75521b36112ef92d3702b8d2dddc74e822279b07f7bcb8757c38f825b
2020/03/15 02:38:08 pushed blob: sha256:768303fe8f123b873a857a3517c9cc30eaa40dabc659e50938d9ee9047e31a90
2020/03/15 02:38:09 index.docker.io/ystacks/awesome-go:0.0.0-SNAPSHOT-PR-10-3: digest: sha256:c0eec9795dbaf61dc63444efa74c4b245be0fd5ab0c43156a871cdfe60e8dbe3 size: 428

Showing logs for build [32mmeta-ystacks-bot-awesome-go-pr-4qlnf-3[0m stage [32mfrom-build-pack[0m and container [32mstep-postbuild-post-build[0m
no CVE provider running in the current ** namespace so skip adding image to be analysed

Showing logs for build [32mmeta-ystacks-bot-awesome-go-pr-4qlnf-3[0m stage [32mfrom-build-pack[0m and container [32mstep-promote-make-preview[0m
sed -i -e "s/version:.*/version: 0.0.0-SNAPSHOT-PR-10-3/" Chart.yaml
sed -i -e "s/version:.*/version: 0.0.0-SNAPSHOT-PR-10-3/" ../*/Chart.yaml
sed -i -e "s|repository:.*|repository: docker.io\/ystacks\/awesome-go|" values.yaml
sed -i -e "s/tag:.*/tag: 0.0.0-SNAPSHOT-PR-10-3/" values.yaml
echo "  version: 0.0.0-SNAPSHOT-PR-10-3" >> requirements.yaml
** step helm build
WARNING: No $CHART_REPOSITORY defined so using the default value of: http://jenkins-x-chartmuseum:8080
Adding missing Helm repo: storage.googleapis.com https://storage.googleapis.com/chartmuseum.jenkins-x.io
Successfully added Helm repository storage.googleapis.com.
Adding missing Helm repo: jenkins-x-chartmuseum http://jenkins-x-chartmuseum:8080
Successfully added Helm repository jenkins-x-chartmuseum.
WARNING: No $CHART_REPOSITORY defined so using the default value of: http://jenkins-x-chartmuseum:8080
Adding missing Helm repo: chartmuseum.jenkins-x.io http://chartmuseum.jenkins-x.io
Successfully added Helm repository chartmuseum.jenkins-x.io.

Showing logs for build [32mmeta-ystacks-bot-awesome-go-pr-4qlnf-3[0m stage [32mfrom-build-pack[0m and container [32mstep-promote-jx-preview[0m
Creating a preview
Found commit author match for: ********* with email address: jiangyt.cn@gmail.com
expose:
  Annotations:
    helm.sh/hook: post-install,post-upgrade
    helm.sh/hook-delete-policy: hook-succeeded
  config:
    domain: 192.168.1.12.nip.io
    exposer: Ingress
    http: "true"
preview:
  image:
    repository: docker.io/ystacks/awesome-go
    tag: 0.0.0-SNAPSHOT-PR-10-3

Updating PipelineActivities ***********-awesome-go-pr-10-3 which has status Running
WARNING: preview application http://awesome-go.**-***********-awesome-go-pr-10.192.168.1.12.nip.io not available, error was Get http://awesome-go.**-***********-awesome-go-pr-10.192.168.1.12.nip.io: dial tcp: lookup awesome-go.**-***********-awesome-go-pr-10.192.168.1.12.nip.io on 10.43.0.10:53: server misbehaving, delaying for: 1.070673276s
WARNING: preview application http://awesome-go.**-***********-awesome-go-pr-10.192.168.1.12.nip.io not available, error was Get http://awesome-go.**-***********-awesome-go-pr-10.192.168.1.12.nip.io: dial tcp: lookup awesome-go.**-***********-awesome-go-pr-10.192.168.1.12.nip.io on 10.43.0.10:53: server misbehaving, delaying for: 869.180435ms
WARNING: preview application http://awesome-go.**-***********-awesome-go-pr-10.192.168.1.12.nip.io not available, error was Get http://awesome-go.**-***********-awesome-go-pr-10.192.168.1.12.nip.io: dial tcp: lookup awesome-go.**-***********-awesome-go-pr-10.192.168.1.12.nip.io on 10.43.0.10:53: server misbehaving, delaying for: 2.899361059s
WARNING: preview application http://awesome-go.**-***********-awesome-go-pr-10.192.168.1.12.nip.io not available, error was Get http://awesome-go.**-***********-awesome-go-pr-10.192.168.1.12.nip.io: dial tcp: lookup awesome-go.**-***********-awesome-go-pr-10.192.168.1.12.nip.io on 10.43.0.10:53: server misbehaving, delaying for: 4.19124024s
WARNING: preview application http://awesome-go.**-***********-awesome-go-pr-10.192.168.1.12.nip.io not available, error was Get http://awesome-go.**-***********-awesome-go-pr-10.192.168.1.12.nip.io: dial tcp: lookup awesome-go.**-***********-awesome-go-pr-10.192.168.1.12.nip.io on 10.43.0.10:53: server misbehaving, delaying for: 4.292766941s
WARNING: preview application http://awesome-go.**-***********-awesome-go-pr-10.192.168.1.12.nip.io not available, error was Get http://awesome-go.**-***********-awesome-go-pr-10.192.168.1.12.nip.io: dial tcp: lookup awesome-go.**-***********-awesome-go-pr-10.192.168.1.12.nip.io on 10.43.0.10:53: server misbehaving, delaying for: 8.691348974s
WARNING: preview application http://awesome-go.**-***********-awesome-go-pr-10.192.168.1.12.nip.io not available, error was Get http://awesome-go.**-***********-awesome-go-pr-10.192.168.1.12.nip.io: dial tcp: lookup awesome-go.**-***********-awesome-go-pr-10.192.168.1.12.nip.io on 10.43.0.10:53: server misbehaving, delaying for: 10.649237398s
WARNING: preview application http://awesome-go.**-***********-awesome-go-pr-10.192.168.1.12.nip.io not available, error was Get http://awesome-go.**-***********-awesome-go-pr-10.192.168.1.12.nip.io: dial tcp: lookup awesome-go.**-***********-awesome-go-pr-10.192.168.1.12.nip.io on 10.43.0.10:53: server misbehaving, delaying for: 24.190634493s
WARNING: preview application http://awesome-go.**-***********-awesome-go-pr-10.192.168.1.12.nip.io not available, error was Get http://awesome-go.**-***********-awesome-go-pr-10.192.168.1.12.nip.io: dial tcp: lookup awesome-go.**-***********-awesome-go-pr-10.192.168.1.12.nip.io on 10.43.0.10:53: server misbehaving, delaying for: 30.596765679s
WARNING: preview application http://awesome-go.**-***********-awesome-go-pr-10.192.168.1.12.nip.io not available, error was Get http://awesome-go.**-***********-awesome-go-pr-10.192.168.1.12.nip.io: dial tcp: lookup awesome-go.**-***********-awesome-go-pr-10.192.168.1.12.nip.io on 10.43.0.10:53: server misbehaving, delaying for: 34.299787369s
WARNING: preview application http://awesome-go.**-***********-awesome-go-pr-10.192.168.1.12.nip.io not available, error was Get http://awesome-go.**-***********-awesome-go-pr-10.192.168.1.12.nip.io: dial tcp: lookup awesome-go.**-***********-awesome-go-pr-10.192.168.1.12.nip.io on 10.43.0.10:53: server misbehaving, delaying for: 1m11.494602093s
WARNING: preview application http://awesome-go.**-***********-awesome-go-pr-10.192.168.1.12.nip.io not available, error was Get http://awesome-go.**-***********-awesome-go-pr-10.192.168.1.12.nip.io: dial tcp: lookup awesome-go.**-***********-awesome-go-pr-10.192.168.1.12.nip.io on 10.43.0.10:53: server misbehaving, delaying for: 1m9.182412308s
WARNING: preview application http://awesome-go.**-***********-awesome-go-pr-10.192.168.1.12.nip.io not available, error was Get http://awesome-go.**-***********-awesome-go-pr-10.192.168.1.12.nip.io: dial tcp: lookup awesome-go.**-***********-awesome-go-pr-10.192.168.1.12.nip.io on 10.43.0.10:53: server misbehaving, delaying for: 54.124250716s
error: error checking if preview application http://awesome-go.**-***********-awesome-go-pr-10.192.168.1.12.nip.io is available: preview application http://awesome-go.**-***********-awesome-go-pr-10.192.168.1.12.nip.io not available, error was Get http://awesome-go.**-***********-awesome-go-pr-10.192.168.1.12.nip.io: dial tcp: lookup awesome-go.**-***********-awesome-go-pr-10.192.168.1.12.nip.io on 10.43.0.10:53: server misbehaving
[31m
Pipeline failed on stage 'from-build-pack' : container 'step-promote-jx-preview'. The execution of the pipeline has stopped.[0m
