
Showing logs for build [32mjiangytcn-awesome-go-pr-3-pr-bu-pqr8z-1[0m stage [32mfrom-build-pack[0m and container [32mstep-credential-initializer-66xzm[0m
{"level":"warn","ts":1583813753.149936,"logger":"fallback-logger","caller":"logging/config.go:69","msg":"Fetch GitHub commit ID from kodata failed: \"ref: refs/heads/0.8.0-**-support-backwards-incompats\" is not a valid GitHub commit ID"}
{"level":"info","ts":1583813753.15035,"logger":"fallback-logger","caller":"creds-init/main.go:40","msg":"Credentials initialized."}

Showing logs for build [32mjiangytcn-awesome-go-pr-3-pr-bu-pqr8z-1[0m stage [32mfrom-build-pack[0m and container [32mstep-working-dir-initializer-gsfrc[0m
{"level":"warn","ts":1583813754.232908,"logger":"fallback-logger","caller":"logging/config.go:69","msg":"Fetch GitHub commit ID from kodata failed: open /var/run/ko/HEAD: no such file or directory"}
{"level":"info","ts":1583813754.239651,"logger":"fallback-logger","caller":"bash/main.go:64","msg":"Successfully executed command \"sh -c mkdir -p /workspace/source\"; output "}

Showing logs for build [32mjiangytcn-awesome-go-pr-3-pr-bu-pqr8z-1[0m stage [32mfrom-build-pack[0m and container [32mstep-place-tools[0m

Showing logs for build [32mjiangytcn-awesome-go-pr-3-pr-bu-pqr8z-1[0m stage [32mfrom-build-pack[0m and container [32mstep-git-source-jiangytcn-awesome-go-pr-3-pr-bu-pqr8z-77cw2[0m
{"level":"warn","ts":1583813759.330878,"logger":"fallback-logger","caller":"logging/config.go:69","msg":"Fetch GitHub commit ID from kodata failed: \"ref: refs/heads/0.8.0-**-support-backwards-incompats\" is not a valid GitHub commit ID"}
{"level":"info","ts":1583813762.2182639,"logger":"fallback-logger","caller":"git/git.go:103","msg":"Successfully cloned https://github.com/*********/awesome-go.git @ master in path /workspace/source"}

Showing logs for build [32mjiangytcn-awesome-go-pr-3-pr-bu-pqr8z-1[0m stage [32mfrom-build-pack[0m and container [32mstep-git-merge[0m
Using SHAs from PULL_REFS=master:db74c467cb731453fff9fd98639a6c7849693d65,3:137fadaf9cfa0a7f43ebaa4e63bd7bc20a8dcbd5
DEBUG: LC_ALL=C JX_LOG_LEVEL=error git fetch origin --unshallow 137fadaf9cfa0a7f43ebaa4e63bd7bc20a8dcbd5: db74c467cb731453fff9fd98639a6c7849693d65:
DEBUG: ran git fetch --unshallow origin 137fadaf9cfa0a7f43ebaa4e63bd7bc20a8dcbd5: db74c467cb731453fff9fd98639a6c7849693d65: in 
DEBUG: JX_LOG_LEVEL=error LC_ALL=C git branch
DEBUG: LC_ALL=C JX_LOG_LEVEL=error git checkout master
DEBUG: ran git checkout master in 
DEBUG: JX_LOG_LEVEL=error LC_ALL=C git reset --hard db74c467cb731453fff9fd98639a6c7849693d65
DEBUG: ran git reset --hard db74c467cb731453fff9fd98639a6c7849693d65 in 
DEBUG: LC_ALL=C JX_LOG_LEVEL=error git clean -fd .
DEBUG: ran clean --force -d . in 
DEBUG: JX_LOG_LEVEL=error LC_ALL=C git merge 137fadaf9cfa0a7f43ebaa4e63bd7bc20a8dcbd5
DEBUG: ran git merge 137fadaf9cfa0a7f43ebaa4e63bd7bc20a8dcbd5 in 
DEBUG: LC_ALL=C JX_LOG_LEVEL=error git log --format=%H%x1f%an%x1f%ae%x1f%cn%x1f%ce%x1f%s%n%b%x1e db74c467cb731453fff9fd98639a6c7849693d65..HEAD
Merged SHA fef52533e41fb89c87acb1a5799dc341f3a33920 with commit message 'Merge commit '137fadaf9cfa0a7f43ebaa4e63bd7bc20a8dcbd5'' into base branch master
Merged SHA 137fadaf9cfa0a7f43ebaa4e63bd7bc20a8dcbd5 with commit message 'update output from forked' into base branch master

Showing logs for build [32mjiangytcn-awesome-go-pr-3-pr-bu-pqr8z-1[0m stage [32mfrom-build-pack[0m and container [32mstep-build-make-linux[0m
CGO_ENABLED=0 GOOS=linux GOARCH=amd64 GO15VENDOREXPERIMENT=1 go build -ldflags '' -o bin/awesome-go main.go

Showing logs for build [32mjiangytcn-awesome-go-pr-3-pr-bu-pqr8z-1[0m stage [32mfrom-build-pack[0m and container [32mstep-build-container-build[0m
[36mINFO[0m[0000] No base image, nothing to extract            
[36mINFO[0m[0000] cmd: EXPOSE                                  
[36mINFO[0m[0000] Adding exposed port: 8080/tcp                
[36mINFO[0m[0000] Using files from context: [/workspace/source/bin] 
[36mINFO[0m[0000] Skipping unpacking as no commands require it. 
[36mINFO[0m[0000] Taking snapshot of full filesystem...        
[36mINFO[0m[0000] EXPOSE 8080                                  
[36mINFO[0m[0000] cmd: EXPOSE                                  
[36mINFO[0m[0000] Adding exposed port: 8080/tcp                
[36mINFO[0m[0000] No files changed in this command, skipping snapshotting. 
[36mINFO[0m[0000] ENTRYPOINT ["/awesome-go"]                   
[36mINFO[0m[0000] No files changed in this command, skipping snapshotting. 
[36mINFO[0m[0000] Using files from context: [/workspace/source/bin] 
[36mINFO[0m[0000] COPY ./bin/ /                                
[36mINFO[0m[0000] Taking snapshot of files...                  
2020/03/10 04:16:22 pushed blob: sha256:6db5324f4548cf78517ff98d04f1d1e1caa0f8694a957b9587948833858d2437
2020/03/10 04:16:25 pushed blob: sha256:a3c34b2adccedb79781ef11869c97fdcf1b459ae6a0a734f08313ce843684328
2020/03/10 04:16:26 index.docker.io/*********/awesome-go:0.0.0-SNAPSHOT-PR-3-1: digest: sha256:6a68f97d3372edb39b1bf9b7adb74a04683d56eee759be3a519d2cb63b260541 size: 428

Showing logs for build [32mjiangytcn-awesome-go-pr-3-pr-bu-pqr8z-1[0m stage [32mfrom-build-pack[0m and container [32mstep-postbuild-post-build[0m
no CVE provider running in the current ** namespace so skip adding image to be analysed

Showing logs for build [32mjiangytcn-awesome-go-pr-3-pr-bu-pqr8z-1[0m stage [32mfrom-build-pack[0m and container [32mstep-promote-make-preview[0m
sed -i -e "s/version:.*/version: 0.0.0-SNAPSHOT-PR-3-1/" Chart.yaml
sed -i -e "s/version:.*/version: 0.0.0-SNAPSHOT-PR-3-1/" ../*/Chart.yaml
sed -i -e "s|repository:.*|repository: docker.io\/vaultops\/awesome-go|" values.yaml
sed -i -e "s/tag:.*/tag: 0.0.0-SNAPSHOT-PR-3-1/" values.yaml
echo "  version: 0.0.0-SNAPSHOT-PR-3-1" >> requirements.yaml
** step helm build
WARNING: No $CHART_REPOSITORY defined so using the default value of: http://jenkins-x-chartmuseum:8080
Adding missing Helm repo: storage.googleapis.com https://storage.googleapis.com/chartmuseum.jenkins-x.io
Successfully added Helm repository storage.googleapis.com.
Adding missing Helm repo: jenkins-x-chartmuseum http://jenkins-x-chartmuseum:8080
Successfully added Helm repository jenkins-x-chartmuseum.
WARNING: No $CHART_REPOSITORY defined so using the default value of: http://jenkins-x-chartmuseum:8080
Adding missing Helm repo: chartmuseum.jenkins-x.io http://chartmuseum.jenkins-x.io
Successfully added Helm repository chartmuseum.jenkins-x.io.

Showing logs for build [32mjiangytcn-awesome-go-pr-3-pr-bu-pqr8z-1[0m stage [32mfrom-build-pack[0m and container [32mstep-promote-jx-preview[0m
Creating a preview
Found commit author match for: ystacks-inc with email address: 61998983+ystacks-inc@users.noreply.github.com
Created environment *********-awesome-go-pr-3
Namespace **-*********-awesome-go-pr-3 created 
expose:
  Annotations:
    helm.sh/hook: post-install,post-upgrade
    helm.sh/hook-delete-policy: hook-succeeded
  config:
    domain: 192.168.1.12.nip.io
    exposer: Ingress
    http: "true"
preview:
  image:
    repository: docker.io/*********/awesome-go
    tag: 0.0.0-SNAPSHOT-PR-3-1

Updating PipelineActivities *********-awesome-go-pr-3-1 which has status Running
Preview application is now available at: http://awesome-go.**-*********-awesome-go-pr-3.192.168.1.12.nip.io
